\BOOKMARK [0][-]{chapter*.1}{\376\377\000A\000b\000s\000t\000r\000a\000c\000t}{}% 1
\BOOKMARK [0][-]{chapter*.2}{\376\377\000A\000c\000k\000n\000o\000w\000l\000e\000d\000g\000e\000m\000e\000n\000t\000s}{}% 2
\BOOKMARK [0][-]{section*.3}{\376\377\000C\000o\000n\000t\000e\000n\000t\000s}{}% 3
\BOOKMARK [0][-]{chapter.4}{\376\377\0001\000\040\000I\000n\000t\000r\000o\000d\000u\000c\000t\000i\000o\000n}{}% 4
\BOOKMARK [1][-]{section.5}{\376\377\0001\000.\0001\000\040\000S\000c\000o\000p\000e}{chapter.4}% 5
\BOOKMARK [1][-]{section.10}{\376\377\0001\000.\0002\000\040\000T\000h\000e\000s\000i\000s\000\040\000S\000t\000r\000u\000c\000t\000u\000r\000e}{chapter.4}% 6
\BOOKMARK [0][-]{chapter.11}{\376\377\0002\000\040\000B\000a\000c\000k\000g\000r\000o\000u\000n\000d}{}% 7
\BOOKMARK [1][-]{section.12}{\376\377\0002\000.\0001\000\040\000T\000h\000e\000\040\000u\000n\000t\000y\000p\000e\000d\000\040\000-\000c\000a\000l\000c\000u\000l\000u\000s}{chapter.11}% 8
\BOOKMARK [1][-]{section.16}{\376\377\0002\000.\0002\000\040\000S\000i\000m\000p\000l\000y\000-\000t\000y\000p\000e\000d\000\040\000-\000c\000a\000l\000c\000u\000l\000u\000s}{chapter.11}% 9
\BOOKMARK [1][-]{section.20}{\376\377\0002\000.\0003\000\040\000P\000o\000l\000y\000m\000o\000r\000p\000h\000i\000c\000\040\000-\000c\000a\000l\000c\000u\000l\000u\000s}{chapter.11}% 10
\BOOKMARK [1][-]{section.31}{\376\377\0002\000.\0004\000\040\000C\000o\000n\000c\000l\000u\000s\000i\000o\000n}{chapter.11}% 11
\BOOKMARK [0][-]{chapter.32}{\376\377\0003\000\040\000S\000p\000e\000c\000i\000f\000i\000c\000a\000t\000i\000o\000n\000\040\000o\000f\000\040\000T\000i\000m\000e\000-\000d\000e\000p\000e\000n\000d\000e\000n\000t\000\040\000B\000e\000h\000a\000v\000i\000o\000u\000r}{}% 12
\BOOKMARK [1][-]{section.33}{\376\377\0003\000.\0001\000\040\000S\000p\000e\000c\000i\000f\000i\000c\000a\000t\000i\000o\000n\000\040\000o\000f\000\040\000C\000o\000m\000b\000i\000n\000a\000t\000i\000o\000n\000a\000l\000\040\000L\000o\000g\000i\000c}{chapter.32}% 13
\BOOKMARK [1][-]{section.54}{\376\377\0003\000.\0002\000\040\000S\000p\000e\000c\000i\000f\000i\000c\000a\000t\000i\000o\000n\000\040\000o\000f\000\040\000S\000e\000q\000u\000e\000n\000t\000i\000a\000l\000\040\000L\000o\000g\000i\000c}{chapter.32}% 14
\BOOKMARK [1][-]{section.89}{\376\377\0003\000.\0003\000\040\000C\000o\000n\000c\000l\000u\000s\000i\000o\000n}{chapter.32}% 15
\BOOKMARK [0][-]{chapter.90}{\376\377\0004\000\040\000A\000\040\000T\000e\000m\000p\000o\000r\000a\000l\000\040\000T\000y\000p\000e\000\040\000S\000y\000s\000t\000e\000m}{}% 16
\BOOKMARK [1][-]{section.91}{\376\377\0004\000.\0001\000\040\000G\000r\000a\000m\000m\000a\000r\000\040\000o\000f\000\040\000t}{chapter.90}% 17
\BOOKMARK [1][-]{section.95}{\376\377\0004\000.\0002\000\040\000C\000o\000n\000s\000t\000r\000a\000i\000n\000t\000s}{chapter.90}% 18
\BOOKMARK [1][-]{section.98}{\376\377\0004\000.\0003\000\040\000T\000y\000p\000i\000n\000g\000\040\000R\000u\000l\000e\000s}{chapter.90}% 19
\BOOKMARK [1][-]{section.111}{\376\377\0004\000.\0004\000\040\000S\000o\000l\000v\000i\000n\000g\000\040\000C\000o\000n\000s\000t\000r\000a\000i\000n\000t\000s}{chapter.90}% 20
\BOOKMARK [1][-]{section.114}{\376\377\0004\000.\0005\000\040\000S\000e\000q\000u\000e\000n\000c\000e\000s}{chapter.90}% 21
\BOOKMARK [1][-]{section.118}{\376\377\0004\000.\0006\000\040\000C\000o\000n\000c\000l\000u\000s\000i\000o\000n}{chapter.90}% 22
\BOOKMARK [0][-]{chapter.119}{\376\377\0005\000\040\000I\000m\000p\000l\000e\000m\000e\000n\000t\000a\000t\000i\000o\000n}{}% 23
\BOOKMARK [1][-]{section.120}{\376\377\0005\000.\0001\000\040\000I\000n\000t\000r\000o\000d\000u\000c\000t\000i\000o\000n}{chapter.119}% 24
\BOOKMARK [1][-]{section.123}{\376\377\0005\000.\0002\000\040\000T\000h\000e\000\040\000G\000r\000a\000m\000m\000a\000r}{chapter.119}% 25
\BOOKMARK [1][-]{section.136}{\376\377\0005\000.\0003\000\040\000C\000o\000n\000s\000t\000r\000a\000i\000n\000t\000\040\000G\000e\000n\000e\000r\000a\000t\000i\000o\000n}{chapter.119}% 26
\BOOKMARK [1][-]{section.154}{\376\377\0005\000.\0004\000\040\000U\000n\000i\000f\000i\000c\000a\000t\000i\000o\000n}{chapter.119}% 27
\BOOKMARK [1][-]{section.164}{\376\377\0005\000.\0005\000\040\000C\000h\000e\000c\000k\000i\000n\000g\000\040\000T\000i\000m\000e\000\040\000C\000o\000n\000s\000t\000r\000a\000i\000n\000t\000s}{chapter.119}% 28
\BOOKMARK [1][-]{section.170}{\376\377\0005\000.\0006\000\040\000C\000o\000n\000c\000l\000u\000s\000i\000o\000n}{chapter.119}% 29
\BOOKMARK [0][-]{chapter.171}{\376\377\0006\000\040\000C\000o\000n\000c\000l\000u\000s\000i\000o\000n}{}% 30
\BOOKMARK [0][-]{chapter.172}{\376\377\0007\000\040\000F\000u\000t\000u\000r\000e\000\040\000W\000o\000r\000k}{}% 31
\BOOKMARK [0][-]{appendix.185}{\376\377\000A\000\040\000L\000a\000n\000g\000u\000a\000g\000e\000\040\000C\000o\000m\000p\000a\000r\000i\000s\000o\000n}{}% 32
\BOOKMARK [1][-]{section.186}{\376\377\000A\000.\0001\000\040\000C\000a\000S\000H}{appendix.185}% 33
\BOOKMARK [1][-]{section.211}{\376\377\000A\000.\0002\000\040\000L\000u\000s\000t\000r\000e}{appendix.185}% 34
\BOOKMARK [1][-]{section.236}{\376\377\000A\000.\0003\000\040\000F\000o\000r\000S\000y\000D\000e}{appendix.185}% 35
\BOOKMARK [1][-]{section.251}{\376\377\000A\000.\0004\000\040\000C\000o\000n\000c\000l\000u\000s\000i\000o\000n}{appendix.185}% 36
\BOOKMARK [0][-]{section*.253}{\376\377\000B\000i\000b\000l\000i\000o\000g\000r\000a\000p\000h\000y}{}% 37
