This is pdfTeX, Version 3.1415926-2.4-1.40.13 (TeX Live 2012) (format=pdflatex 2012.6.30)  26 AUG 2013 13:07
entering extended mode
 restricted \write18 enabled.
 %&-line parsing enabled.
**thesis.tex
(./thesis.tex
LaTeX2e <2011/06/27>
Babel <v3.8m> and hyphenation patterns for english, dumylang, nohyphenation, ge
rman-x-2012-05-30, ngerman-x-2012-05-30, afrikaans, ancientgreek, ibycus, arabi
c, armenian, basque, bulgarian, catalan, pinyin, coptic, croatian, czech, danis
h, dutch, ukenglish, usenglishmax, esperanto, estonian, ethiopic, farsi, finnis
h, french, friulan, galician, german, ngerman, swissgerman, monogreek, greek, h
ungarian, icelandic, assamese, bengali, gujarati, hindi, kannada, malayalam, ma
rathi, oriya, panjabi, tamil, telugu, indonesian, interlingua, irish, italian, 
kurmanji, latin, latvian, lithuanian, mongolian, mongolianlmc, bokmal, nynorsk,
 polish, portuguese, romanian, romansh, russian, sanskrit, serbian, serbianc, s
lovak, slovenian, spanish, swedish, turkish, turkmen, ukrainian, uppersorbian, 
welsh, loaded.
(/usr/local/texlive/2012/texmf-dist/tex/latex/memoir/memoir.cls
Document Class: memoir 2011/03/06 v3.6j configurable book, report, article docu
ment class
\onelineskip=\skip41
\lxvchars=\skip42
\xlvchars=\skip43
\@memcnta=\count79
\c@@memmarkcntra=\count80
(/usr/local/texlive/2012/texmf-dist/tex/generic/oberdiek/ifpdf.sty
Package: ifpdf 2011/01/30 v2.3 Provides the ifpdf switch (HO)
Package ifpdf Info: pdfTeX in PDF mode is detected.
)
(/usr/local/texlive/2012/texmf-dist/tex/latex/ifetex/ifetex.sty
Package: ifetex 2011/12/15 v1.2 ifetex

(/usr/local/texlive/2012/texmf-dist/tex/plain/ifetex/ifetex.tex))
(/usr/local/texlive/2012/texmf-dist/tex/generic/ifxetex/ifxetex.sty
Package: ifxetex 2010/09/12 v0.6 Provides ifxetex conditional
)
(/usr/local/texlive/2012/texmf-dist/tex/generic/oberdiek/ifluatex.sty
Package: ifluatex 2010/03/01 v1.3 Provides the ifluatex switch (HO)
Package ifluatex Info: LuaTeX not detected.
)
\stockheight=\skip44
\stockwidth=\skip45
\trimtop=\skip46
\trimedge=\skip47

(/usr/local/texlive/2012/texmf-dist/tex/latex/etex-pkg/etex.sty
Package: etex 1998/03/26 v2.0 eTeX basic definition package (PEB)
\et@xins=\count81
)
(/usr/local/texlive/2012/texmf-dist/tex/latex/memoir/mem11.clo
File: mem11.clo 2008/01/30 v0.3 memoir class 11pt size option
)
\binding=\skip48
\spinemargin=\skip49
\foremargin=\skip50
\uppermargin=\skip51
\lowermargin=\skip52
\headdrop=\skip53
\normalrulethickness=\skip54
\mem@maxheadheight=\skip55
\mem@maxfootheight=\skip56
\headwidth=\skip57
\c@storedpagenumber=\count82
\memPD=\dimen102
\m@mabparskip=\skip58
\thanksmarkwidth=\skip59
\thanksmarksep=\skip60
\droptitle=\skip61
\c@book=\count83
\c@part=\count84
\c@chapter=\count85
\c@section=\count86
\c@subsection=\count87
\c@subsubsection=\count88
\c@paragraph=\count89
\c@subparagraph=\count90
\beforechapskip=\skip62
\midchapskip=\skip63
\afterchapskip=\skip64
\chapindent=\skip65
\bottomsectionskip=\skip66
\secindent=\skip67
\beforesecskip=\skip68
\aftersecskip=\skip69
\subsecindent=\skip70
\beforesubsecskip=\skip71
\aftersubsecskip=\skip72
\subsubsecindent=\skip73
\beforesubsubsecskip=\skip74
\aftersubsubsecskip=\skip75
\paraindent=\skip76
\beforeparaskip=\skip77
\afterparaskip=\skip78
\subparaindent=\skip79
\beforesubparaskip=\skip80
\aftersubparaskip=\skip81
\pfbreakskip=\skip82
\c@@ppsavesec=\count91
\c@@ppsaveapp=\count92
\ragrparindent=\dimen103
\everylistparindent=\dimen104
\parsepi=\skip83
\topsepi=\skip84
\itemsepi=\skip85
\parsepii=\skip86
\topsepii=\skip87
\topsepiii=\skip88
\itemsepii=\skip89
\itemsepiii=\skip90
\partopsepii=\skip91
\partopsepiii=\skip92
\m@msavetopsep=\skip93
\m@msavepartopsep=\skip94
\@enLab=\toks14
\abstitleskip=\skip95
\absleftindent=\skip96
\abs@leftindent=\dimen105
\absrightindent=\skip97
\absparindent=\skip98
\absparsep=\skip99
\c@vslineno=\count93
\c@poemline=\count94
\c@modulo@vs=\count95
\c@memfvsline=\count96
\vleftskip=\skip100
\vrightskip=\skip101
\stanzaskip=\skip102
\versewidth=\skip103
\vgap=\skip104
\vindent=\skip105
\vleftmargin=\dimen106
\c@verse=\count97
\c@chrsinstr=\count98
\beforepoemtitleskip=\skip106
\afterpoemtitleskip=\skip107
\c@poem=\count99
\beforePoemTitleskip=\skip108
\midPoemTitleskip=\skip109
\afterPoemTitleskip=\skip110
\col@sep=\dimen107
\extrarowheight=\dimen108
\NC@list=\toks15
\extratabsurround=\skip111
\backup@length=\skip112
\TX@col@width=\dimen109
\TX@old@table=\dimen110
\TX@old@col=\dimen111
\TX@target=\dimen112
\TX@delta=\dimen113
\TX@cols=\count100
\TX@ftn=\toks16
\heavyrulewidth=\dimen114
\lightrulewidth=\dimen115
\cmidrulewidth=\dimen116
\belowrulesep=\dimen117
\belowbottomsep=\dimen118
\aboverulesep=\dimen119
\abovetopsep=\dimen120
\cmidrulesep=\dimen121
\cmidrulekern=\dimen122
\defaultaddspace=\dimen123
\@cmidla=\count101
\@cmidlb=\count102
\@aboverulesep=\dimen124
\@belowrulesep=\dimen125
\@thisruleclass=\count103
\@lastruleclass=\count104
\@thisrulewidth=\dimen126
\ctableftskip=\skip113
\ctabrightskip=\skip114
\abovecolumnspenalty=\count105
\@linestogo=\count106
\@cellstogo=\count107
\@cellsincolumn=\count108
\crtok=\toks17
\@mincolumnwidth=\dimen127
\c@newflo@tctr=\count109
\mem@margin@floatbox=\box26
\@contcwidth=\skip115
\@contindw=\skip116
\abovecaptionskip=\skip117
\belowcaptionskip=\skip118
\subfloattopskip=\skip119
\subfloatcapskip=\skip120
\subfloatcaptopadj=\skip121
\subfloatbottomskip=\skip122
\subfloatlabelskip=\skip123
\subfloatcapmargin=\dimen128
\c@@contsubnum=\count110
\m@mscap@capbox=\box27
\m@mscap@fbox=\box28
\sidecapsep=\dimen129
\sidecapwidth=\dimen130
\m@m@tempdima=\dimen131
\m@mscapraise=\dimen132
\sidecapraise=\dimen133
\m@mscapmainwidth=\dimen134
\m@mscaplkern=\dimen135
\beforeepigraphskip=\skip124
\afterepigraphskip=\skip125
\epigraphwidth=\skip126
\epigraphrule=\skip127
LaTeX Info: Redefining \em on input line 7377.
LaTeX Info: Redefining \emph on input line 7385.
\tocentryskip=\skip128
\tocbaseline=\skip129
\cftparskip=\skip130
\cftbeforebookskip=\skip131
\cftbookindent=\dimen136
\cftbooknumwidth=\dimen137
\cftbeforepartskip=\skip132
\cftpartindent=\skip133
\cftpartnumwidth=\skip134
\cftbeforechapterskip=\skip135
\cftchapterindent=\skip136
\cftchapternumwidth=\skip137
\cftbeforesectionskip=\skip138
\cftsectionindent=\skip139
\cftsectionnumwidth=\skip140
\cftbeforesubsectionskip=\skip141
\cftsubsectionindent=\skip142
\cftsubsectionnumwidth=\skip143
\cftbeforesubsubsectionskip=\skip144
\cftsubsubsectionindent=\skip145
\cftsubsubsectionnumwidth=\skip146
\cftbeforeparagraphskip=\skip147
\cftparagraphindent=\skip148
\cftparagraphnumwidth=\skip149
\cftbeforesubparagraphskip=\skip150
\cftsubparagraphindent=\skip151
\cftsubparagraphnumwidth=\skip152
\prechapterprecisshift=\dimen138
\c@maxsecnumdepth=\count111
\bibindent=\dimen139
\bibitemsep=\skip153
\indexcolsep=\skip154
\indexrule=\skip155
\indexmarkstyle=\toks18
\@indexbox=\insert233
\glossarycolsep=\dimen140
\glossaryrule=\dimen141
\sideparvshift=\skip156
\sideins=\insert232
\sidebartopsep=\skip157
\sidebarhsep=\skip158
\sidebarvsep=\skip159
\sidebarwidth=\skip160
\footmarkwidth=\skip161
\footmarksep=\skip162
\footparindent=\skip163
\footinsdim=\skip164
\footinsv@r=\insert231
\@mpfootinsv@r=\insert230
\m@m@k=\count112
\m@m@h=\dimen142
\m@mipn@skip=\skip165
\sidefootins=\insert229
\sidefootadjust=\skip166
\sidefootheight=\skip167
\sidefoothsep=\skip168
\sidefootvsep=\skip169
\sidefootwidth=\skip170
\m@mdownsf=\skip171
\c@sidefootnote=\count113
\sidefootmarkwidth=\skip172
\sidefootmarksep=\skip173
\sidefootparindent=\skip174
\c@pagenote=\count114
\c@pagenoteshadow=\count115
\mem@pn@lastkern=\skip175
\every@verbatim=\toks19
\afterevery@verbatim=\toks20
\verbatim@line=\toks21
\tab@position=\count116
\verbatim@in@stream=\read1
\verbatimindent=\skip176
\verbatim@out=\write3
\bvboxsep=\skip177
\c@memfbvline=\count117
\c@bvlinectr=\count118
\bvnumlength=\skip178
\fb@frw=\dimen143
\fb@frh=\dimen144
\FrameRule=\dimen145
\FrameSep=\dimen146
\c@cp@cntr=\count119
LaTeX Info: Redefining \: on input line 11807.
LaTeX Info: Redefining \! on input line 11809.
\c@ism@mctr=\count120
\c@xsm@mctr=\count121
\c@csm@mctr=\count122
\c@ksm@mctr=\count123
\c@xksm@mctr=\count124
\c@cksm@mctr=\count125
\c@msm@mctr=\count126
\c@xmsm@mctr=\count127
\c@cmsm@mctr=\count128
\c@bsm@mctr=\count129
\c@workm@mctr=\count130
\c@sheetsequence=\count131
\c@lastsheet=\count132
\c@lastpage=\count133
\c@figure=\count134
\c@lofdepth=\count135
\cftbeforefigureskip=\skip179
\cftfigureindent=\skip180
\cftfigurenumwidth=\skip181
\c@table=\count136
\c@lotdepth=\count137
\cftbeforetableskip=\skip182
\cfttableindent=\skip183
\cfttablenumwidth=\skip184
Package abstract [2008/07/23] emulated by memoir.
Package appendix [2008/07/23] emulated by memoir.
Package array [2008/07/23] emulated by memoir.
Package booktabs [2008/07/23] emulated by memoir.
Package ccaption [2008/07/23] emulated by memoir.
Package changepage [2008/07/23] emulated by memoir.
Package chngcntr [2008/07/23] emulated by memoir.
Package chngpage [2008/07/23] emulated by memoir.
Package crop emulated by memoir.
Package dcolumn [2008/07/23] emulated by memoir.
Package delarray [2008/07/23] emulated by memoir.
Package enumerate [2008/07/23] emulated by memoir.
Package epigraph [2008/07/23] emulated by memoir.
Package ifmtarg [2008/07/23] emulated by memoir.
Package index [2008/07/23] emulated by memoir.
Package makeidx [2008/07/23] emulated by memoir.
Package moreverb [2008/07/23] emulated by memoir.
Package mparhack [2008/07/23] emulated by memoir.
Package needspace [2008/07/23] emulated by memoir.
Package newfile [2008/07/23] emulated by memoir.
Package nextpage [2008/07/23] emulated by memoir.
Package pagenote [2008/07/23] emulated by memoir.
Package parskip [2008/07/23] emulated by memoir.
Package patchcmd [2008/07/23] emulated by memoir.
Package setspace [2008/07/23] emulated by memoir.
Package shortvrb [2008/07/23] emulated by memoir.
Package showidx [2008/07/23] emulated by memoir.
Package tabularx [2008/07/23] emulated by memoir.
Package titleref [2008/07/23] emulated by memoir.
Package titling [2008/07/23] emulated by memoir.
Package tocbibind [2008/07/23] emulated by memoir.
Package tocloft [2008/07/23] emulated by memoir.
Package tocvsec2 [2008/07/23] emulated by memoir.
Package verbatim [2008/07/23] emulated by memoir.
Package verse [2008/07/23] emulated by memoir.

(/usr/local/texlive/2012/texmf-dist/tex/latex/memoir/mempatch.sty
Package: mempatch 2009/07/24 v6.0f Patches for memoir class v1.6180339
))
(/usr/local/texlive/2012/texmf-dist/tex/latex/hyperref/hyperref.sty
Package: hyperref 2012/05/13 v6.82q Hypertext links for LaTeX

(/usr/local/texlive/2012/texmf-dist/tex/generic/oberdiek/hobsub-hyperref.sty
Package: hobsub-hyperref 2012/05/28 v1.13 Bundle oberdiek, subset hyperref (HO)


(/usr/local/texlive/2012/texmf-dist/tex/generic/oberdiek/hobsub-generic.sty
Package: hobsub-generic 2012/05/28 v1.13 Bundle oberdiek, subset generic (HO)
Package: hobsub 2012/05/28 v1.13 Construct package bundles (HO)
Package: infwarerr 2010/04/08 v1.3 Providing info/warning/error messages (HO)
Package: ltxcmds 2011/11/09 v1.22 LaTeX kernel commands for general use (HO)
Package hobsub Info: Skipping package `ifluatex' (already loaded).
Package: ifvtex 2010/03/01 v1.5 Detect VTeX and its facilities (HO)
Package ifvtex Info: VTeX not detected.
Package: intcalc 2007/09/27 v1.1 Expandable calculations with integers (HO)
Package hobsub Info: Skipping package `ifpdf' (already loaded).
Package: etexcmds 2011/02/16 v1.5 Avoid name clashes with e-TeX commands (HO)
Package etexcmds Info: Could not find \expanded.
(etexcmds)             That can mean that you are not using pdfTeX 1.50 or
(etexcmds)             that some package has redefined \expanded.
(etexcmds)             In the latter case, load this package earlier.
Package: kvsetkeys 2012/04/25 v1.16 Key value parser (HO)
Package: kvdefinekeys 2011/04/07 v1.3 Define keys (HO)
Package: pdftexcmds 2011/11/29 v0.20 Utility functions of pdfTeX for LuaTeX (HO
)
Package pdftexcmds Info: LuaTeX not detected.
Package pdftexcmds Info: \pdf@primitive is available.
Package pdftexcmds Info: \pdf@ifprimitive is available.
Package pdftexcmds Info: \pdfdraftmode found.
Package: pdfescape 2011/11/25 v1.13 Implements pdfTeX's escape features (HO)
Package: bigintcalc 2012/04/08 v1.3 Expandable calculations on big integers (HO
)
Package: bitset 2011/01/30 v1.1 Handle bit-vector datatype (HO)
Package: uniquecounter 2011/01/30 v1.2 Provide unlimited unique counter (HO)
)
Package hobsub Info: Skipping package `hobsub' (already loaded).
Package: letltxmacro 2010/09/02 v1.4 Let assignment for LaTeX macros (HO)
Package: hopatch 2012/05/28 v1.2 Wrapper for package hooks (HO)
Package: xcolor-patch 2011/01/30 xcolor patch
Package: atveryend 2011/06/30 v1.8 Hooks at the very end of document (HO)
Package atveryend Info: \enddocument detected (standard20110627).
Package: atbegshi 2011/10/05 v1.16 At begin shipout hook (HO)
Package: refcount 2011/10/16 v3.4 Data extraction from label references (HO)
Package: hycolor 2011/01/30 v1.7 Color options for hyperref/bookmark (HO)
)
(/usr/local/texlive/2012/texmf-dist/tex/latex/graphics/keyval.sty
Package: keyval 1999/03/16 v1.13 key=value parser (DPC)
\KV@toks@=\toks22
)
(/usr/local/texlive/2012/texmf-dist/tex/latex/oberdiek/kvoptions.sty
Package: kvoptions 2011/06/30 v3.11 Key value format for package options (HO)
)
\@linkdim=\dimen147
\Hy@linkcounter=\count138
\Hy@pagecounter=\count139

(/usr/local/texlive/2012/texmf-dist/tex/latex/hyperref/pd1enc.def
File: pd1enc.def 2012/05/13 v6.82q Hyperref: PDFDocEncoding definition (HO)
)
\Hy@SavedSpaceFactor=\count140

(/usr/local/texlive/2012/texmf-dist/tex/latex/latexconfig/hyperref.cfg
File: hyperref.cfg 2002/06/06 v1.2 hyperref configuration of TeXLive
)
Package hyperref Info: Option `bookmarks' set `true' on input line 3941.
Package hyperref Info: Option `bookmarksopen' set `true' on input line 3941.
Package hyperref Info: Option `bookmarksnumbered' set `true' on input line 3941
.
Package hyperref Info: Option `hypertexnames' set `false' on input line 3941.
Package hyperref Info: Option `colorlinks' set `true' on input line 3941.
Package hyperref Info: Option `unicode' set `true' on input line 3941.

(/usr/local/texlive/2012/texmf-dist/tex/latex/hyperref/puenc.def
File: puenc.def 2012/05/13 v6.82q Hyperref: PDF Unicode definition (HO)
)
Package hyperref Info: Option `breaklinks' set `true' on input line 3941.
Package hyperref Info: Hyper figures OFF on input line 4062.
Package hyperref Info: Link nesting OFF on input line 4067.
Package hyperref Info: Hyper index ON on input line 4070.
Package hyperref Info: Plain pages OFF on input line 4077.
Package hyperref Info: Backreferencing OFF on input line 4082.
Package hyperref Info: Implicit mode ON; LaTeX internals redefined.
Package hyperref Info: Bookmarks ON on input line 4300.
\c@Hy@tempcnt=\count141

(/usr/local/texlive/2012/texmf-dist/tex/latex/url/url.sty
\Urlmuskip=\muskip10
Package: url 2006/04/12  ver 3.3  Verb mode for urls, etc.
)
LaTeX Info: Redefining \url on input line 4653.
\Fld@menulength=\count142
\Field@Width=\dimen148
\Fld@charsize=\dimen149
Package hyperref Info: Hyper figures OFF on input line 5773.
Package hyperref Info: Link nesting OFF on input line 5778.
Package hyperref Info: Hyper index ON on input line 5781.
Package hyperref Info: backreferencing OFF on input line 5788.
Package hyperref Info: Link coloring ON on input line 5791.
Package hyperref Info: Link coloring with OCG OFF on input line 5798.
Package hyperref Info: PDF/A mode OFF on input line 5803.
LaTeX Info: Redefining \ref on input line 5843.
LaTeX Info: Redefining \pageref on input line 5847.
\Hy@abspage=\count143
\c@Item=\count144
\c@Hfootnote=\count145
)
(/usr/local/texlive/2012/texmf-dist/tex/latex/memoir/memhfixc.sty
Package: memhfixc 2010/08/17 v1.15 nameref/hyperref package fixes for memoir cl
ass
\c@memhycontfloat=\count146
)

Package hyperref Message: Driver (autodetected): hpdftex.

(/usr/local/texlive/2012/texmf-dist/tex/latex/hyperref/hpdftex.def
File: hpdftex.def 2012/05/13 v6.82q Hyperref driver for pdfTeX
\Fld@listcount=\count147
\c@bookmark@seq@number=\count148

(/usr/local/texlive/2012/texmf-dist/tex/latex/oberdiek/rerunfilecheck.sty
Package: rerunfilecheck 2011/04/15 v1.7 Rerun checks for auxiliary files (HO)
Package uniquecounter Info: New unique counter `rerunfilecheck' on input line 2
82.
)
\Hy@SectionHShift=\skip185
)
(/usr/local/texlive/2012/texmf-dist/tex/latex/natbib/natbib.sty
Package: natbib 2010/09/13 8.31b (PWD, AO)
\bibhang=\skip186
\bibsep=\skip187
LaTeX Info: Redefining \cite on input line 694.
\c@NAT@ctr=\count149
)
(/usr/local/texlive/2012/texmf-dist/tex/latex/xcolor/xcolor.sty
Package: xcolor 2007/01/21 v2.11 LaTeX color extensions (UK)

(/usr/local/texlive/2012/texmf-dist/tex/latex/latexconfig/color.cfg
File: color.cfg 2007/01/18 v1.5 color configuration of teTeX/TeXLive
)
Package xcolor Info: Driver file: pdftex.def on input line 225.

(/usr/local/texlive/2012/texmf-dist/tex/latex/pdftex-def/pdftex.def
File: pdftex.def 2011/05/27 v0.06d Graphics/color for pdfTeX
\Gread@gobject=\count150
)
(/usr/local/texlive/2012/texmf-dist/tex/latex/colortbl/colortbl.sty
Package: colortbl 2012/02/13 v1.0a Color table columns (DPC)
\everycr=\toks23
\minrowclearance=\skip188
)
\rownum=\count151
Package xcolor Info: Model `cmy' substituted by `cmy0' on input line 1337.
Package xcolor Info: Model `hsb' substituted by `rgb' on input line 1341.
Package xcolor Info: Model `RGB' extended on input line 1353.
Package xcolor Info: Model `HTML' substituted by `rgb' on input line 1355.
Package xcolor Info: Model `Hsb' substituted by `hsb' on input line 1356.
Package xcolor Info: Model `tHsb' substituted by `hsb' on input line 1357.
Package xcolor Info: Model `HSB' substituted by `hsb' on input line 1358.
Package xcolor Info: Model `Gray' substituted by `gray' on input line 1359.
Package xcolor Info: Model `wave' substituted by `hsb' on input line 1360.
)
(/usr/local/texlive/2012/texmf-dist/tex/latex/graphics/graphicx.sty
Package: graphicx 1999/02/16 v1.0f Enhanced LaTeX Graphics (DPC,SPQR)

(/usr/local/texlive/2012/texmf-dist/tex/latex/graphics/graphics.sty
Package: graphics 2009/02/05 v1.0o Standard LaTeX Graphics (DPC,SPQR)

(/usr/local/texlive/2012/texmf-dist/tex/latex/graphics/trig.sty
Package: trig 1999/03/16 v1.09 sin cos tan (DPC)
)
(/usr/local/texlive/2012/texmf-dist/tex/latex/latexconfig/graphics.cfg
File: graphics.cfg 2010/04/23 v1.9 graphics configuration of TeX Live
)
Package graphics Info: Driver file: pdftex.def on input line 91.
)
\Gin@req@height=\dimen150
\Gin@req@width=\dimen151
)
(/usr/local/texlive/2012/texmf-dist/tex/latex/wrapfig/wrapfig.sty
\wrapoverhang=\dimen152
\WF@size=\dimen153
\c@WF@wrappedlines=\count152
\WF@box=\box29
\WF@everypar=\toks24
Package: wrapfig 2003/01/31  v 3.6
)
(/usr/local/texlive/2012/texmf-dist/tex/latex/bussproofs/bussproofs.sty
Proof Tree (bussproofs) style macros. Version 1.0.
\theLevel=\count153
\myMaxLevel=\count154
\myBoxA=\box30
\myBoxB=\box31
\myBoxC=\box32
\myBoxD=\box33
\myBoxLL=\box34
\myBoxRL=\box35
\thisAboveSkip=\dimen154
\thisBelowSkip=\dimen155
\newScoreStart=\dimen156
\newScoreEnd=\dimen157
\newCenter=\dimen158
\displace=\dimen159
\leftLowerAmt=\dimen160
\rightLowerAmt=\dimen161
\scoreHeight=\dimen162
\scoreDepth=\dimen163
\htLbox=\dimen164
\htRbox=\dimen165
\htAbox=\dimen166
\htCbox=\dimen167
) (/usr/local/texlive/2012/texmf-dist/tex/latex/fancyhdr/fancyhdr.sty
\fancy@headwidth=\skip189
\f@ncyO@elh=\skip190
\f@ncyO@erh=\skip191
\f@ncyO@olh=\skip192
\f@ncyO@orh=\skip193
\f@ncyO@elf=\skip194
\f@ncyO@erf=\skip195
\f@ncyO@olf=\skip196
\f@ncyO@orf=\skip197
)
(/usr/local/texlive/2012/texmf-dist/tex/latex/float/float.sty
Package: float 2001/11/08 v1.3d Float enhancements (AL)
\c@float@type=\count155
\float@exts=\toks25
\float@box=\box36
\@float@everytoks=\toks26
\@floatcapt=\box37
)
(/usr/local/texlive/2012/texmf-dist/tex/latex/pgf/frontendlayer/tikz.sty
(/usr/local/texlive/2012/texmf-dist/tex/latex/pgf/basiclayer/pgf.sty
(/usr/local/texlive/2012/texmf-dist/tex/latex/pgf/utilities/pgfrcs.sty
(/usr/local/texlive/2012/texmf-dist/tex/generic/pgf/utilities/pgfutil-common.te
x
\pgfutil@everybye=\toks27
)
(/usr/local/texlive/2012/texmf-dist/tex/generic/pgf/utilities/pgfutil-latex.def
\pgfutil@abb=\box38
(/usr/local/texlive/2012/texmf-dist/tex/latex/ms/everyshi.sty
Package: everyshi 2001/05/15 v3.00 EveryShipout Package (MS)
))
(/usr/local/texlive/2012/texmf-dist/tex/generic/pgf/utilities/pgfrcs.code.tex
Package: pgfrcs 2010/10/25 v2.10 (rcs-revision 1.24)
))
Package: pgf 2008/01/15 v2.10 (rcs-revision 1.12)
(/usr/local/texlive/2012/texmf-dist/tex/latex/pgf/basiclayer/pgfcore.sty
(/usr/local/texlive/2012/texmf-dist/tex/latex/pgf/systemlayer/pgfsys.sty
(/usr/local/texlive/2012/texmf-dist/tex/generic/pgf/systemlayer/pgfsys.code.tex
Package: pgfsys 2010/06/30 v2.10 (rcs-revision 1.37)
(/usr/local/texlive/2012/texmf-dist/tex/generic/pgf/utilities/pgfkeys.code.tex
\pgfkeys@pathtoks=\toks28
\pgfkeys@temptoks=\toks29

(/usr/local/texlive/2012/texmf-dist/tex/generic/pgf/utilities/pgfkeysfiltered.c
ode.tex
\pgfkeys@tmptoks=\toks30
))
\pgf@x=\dimen168
\pgf@y=\dimen169
\pgf@xa=\dimen170
\pgf@ya=\dimen171
\pgf@xb=\dimen172
\pgf@yb=\dimen173
\pgf@xc=\dimen174
\pgf@yc=\dimen175
\w@pgf@writea=\write4
\r@pgf@reada=\read2
\c@pgf@counta=\count156
\c@pgf@countb=\count157
\c@pgf@countc=\count158
\c@pgf@countd=\count159

(/usr/local/texlive/2012/texmf-dist/tex/generic/pgf/systemlayer/pgf.cfg
File: pgf.cfg 2008/05/14  (rcs-revision 1.7)
)
Package pgfsys Info: Driver file for pgf: pgfsys-pdftex.def on input line 900.

(/usr/local/texlive/2012/texmf-dist/tex/generic/pgf/systemlayer/pgfsys-pdftex.d
ef
File: pgfsys-pdftex.def 2009/05/22  (rcs-revision 1.26)

(/usr/local/texlive/2012/texmf-dist/tex/generic/pgf/systemlayer/pgfsys-common-p
df.def
File: pgfsys-common-pdf.def 2008/05/19  (rcs-revision 1.10)
)))
(/usr/local/texlive/2012/texmf-dist/tex/generic/pgf/systemlayer/pgfsyssoftpath.
code.tex
File: pgfsyssoftpath.code.tex 2008/07/18  (rcs-revision 1.7)
\pgfsyssoftpath@smallbuffer@items=\count160
\pgfsyssoftpath@bigbuffer@items=\count161
)
(/usr/local/texlive/2012/texmf-dist/tex/generic/pgf/systemlayer/pgfsysprotocol.
code.tex
File: pgfsysprotocol.code.tex 2006/10/16  (rcs-revision 1.4)
))
(/usr/local/texlive/2012/texmf-dist/tex/generic/pgf/basiclayer/pgfcore.code.tex
Package: pgfcore 2010/04/11 v2.10 (rcs-revision 1.7)
(/usr/local/texlive/2012/texmf-dist/tex/generic/pgf/math/pgfmath.code.tex
(/usr/local/texlive/2012/texmf-dist/tex/generic/pgf/math/pgfmathcalc.code.tex
(/usr/local/texlive/2012/texmf-dist/tex/generic/pgf/math/pgfmathutil.code.tex)
(/usr/local/texlive/2012/texmf-dist/tex/generic/pgf/math/pgfmathparser.code.tex
\pgfmath@dimen=\dimen176
\pgfmath@count=\count162
\pgfmath@box=\box39
\pgfmath@toks=\toks31
\pgfmath@stack@operand=\toks32
\pgfmath@stack@operation=\toks33
)
(/usr/local/texlive/2012/texmf-dist/tex/generic/pgf/math/pgfmathfunctions.code.
tex
(/usr/local/texlive/2012/texmf-dist/tex/generic/pgf/math/pgfmathfunctions.basic
.code.tex)
(/usr/local/texlive/2012/texmf-dist/tex/generic/pgf/math/pgfmathfunctions.trigo
nometric.code.tex)
(/usr/local/texlive/2012/texmf-dist/tex/generic/pgf/math/pgfmathfunctions.rando
m.code.tex)
(/usr/local/texlive/2012/texmf-dist/tex/generic/pgf/math/pgfmathfunctions.compa
rison.code.tex)
(/usr/local/texlive/2012/texmf-dist/tex/generic/pgf/math/pgfmathfunctions.base.
code.tex)
(/usr/local/texlive/2012/texmf-dist/tex/generic/pgf/math/pgfmathfunctions.round
.code.tex)
(/usr/local/texlive/2012/texmf-dist/tex/generic/pgf/math/pgfmathfunctions.misc.
code.tex)))
(/usr/local/texlive/2012/texmf-dist/tex/generic/pgf/math/pgfmathfloat.code.tex
\c@pgfmathroundto@lastzeros=\count163
))
(/usr/local/texlive/2012/texmf-dist/tex/generic/pgf/basiclayer/pgfcorepoints.co
de.tex
File: pgfcorepoints.code.tex 2010/04/09  (rcs-revision 1.20)
\pgf@picminx=\dimen177
\pgf@picmaxx=\dimen178
\pgf@picminy=\dimen179
\pgf@picmaxy=\dimen180
\pgf@pathminx=\dimen181
\pgf@pathmaxx=\dimen182
\pgf@pathminy=\dimen183
\pgf@pathmaxy=\dimen184
\pgf@xx=\dimen185
\pgf@xy=\dimen186
\pgf@yx=\dimen187
\pgf@yy=\dimen188
\pgf@zx=\dimen189
\pgf@zy=\dimen190
)
(/usr/local/texlive/2012/texmf-dist/tex/generic/pgf/basiclayer/pgfcorepathconst
ruct.code.tex
File: pgfcorepathconstruct.code.tex 2010/08/03  (rcs-revision 1.24)
\pgf@path@lastx=\dimen191
\pgf@path@lasty=\dimen192
)
(/usr/local/texlive/2012/texmf-dist/tex/generic/pgf/basiclayer/pgfcorepathusage
.code.tex
File: pgfcorepathusage.code.tex 2008/04/22  (rcs-revision 1.12)
\pgf@shorten@end@additional=\dimen193
\pgf@shorten@start@additional=\dimen194
)
(/usr/local/texlive/2012/texmf-dist/tex/generic/pgf/basiclayer/pgfcorescopes.co
de.tex
File: pgfcorescopes.code.tex 2010/09/08  (rcs-revision 1.34)
\pgfpic=\box40
\pgf@hbox=\box41
\pgf@layerbox@main=\box42
\pgf@picture@serial@count=\count164
)
(/usr/local/texlive/2012/texmf-dist/tex/generic/pgf/basiclayer/pgfcoregraphicst
ate.code.tex
File: pgfcoregraphicstate.code.tex 2008/04/22  (rcs-revision 1.9)
\pgflinewidth=\dimen195
)
(/usr/local/texlive/2012/texmf-dist/tex/generic/pgf/basiclayer/pgfcoretransform
ations.code.tex
File: pgfcoretransformations.code.tex 2009/06/10  (rcs-revision 1.11)
\pgf@pt@x=\dimen196
\pgf@pt@y=\dimen197
\pgf@pt@temp=\dimen198
)
(/usr/local/texlive/2012/texmf-dist/tex/generic/pgf/basiclayer/pgfcorequick.cod
e.tex
File: pgfcorequick.code.tex 2008/10/09  (rcs-revision 1.3)
)
(/usr/local/texlive/2012/texmf-dist/tex/generic/pgf/basiclayer/pgfcoreobjects.c
ode.tex
File: pgfcoreobjects.code.tex 2006/10/11  (rcs-revision 1.2)
)
(/usr/local/texlive/2012/texmf-dist/tex/generic/pgf/basiclayer/pgfcorepathproce
ssing.code.tex
File: pgfcorepathprocessing.code.tex 2008/10/09  (rcs-revision 1.8)
)
(/usr/local/texlive/2012/texmf-dist/tex/generic/pgf/basiclayer/pgfcorearrows.co
de.tex
File: pgfcorearrows.code.tex 2008/04/23  (rcs-revision 1.11)
)
(/usr/local/texlive/2012/texmf-dist/tex/generic/pgf/basiclayer/pgfcoreshade.cod
e.tex
File: pgfcoreshade.code.tex 2008/11/23  (rcs-revision 1.13)
\pgf@max=\dimen199
\pgf@sys@shading@range@num=\count165
)
(/usr/local/texlive/2012/texmf-dist/tex/generic/pgf/basiclayer/pgfcoreimage.cod
e.tex
File: pgfcoreimage.code.tex 2010/03/25  (rcs-revision 1.16)

(/usr/local/texlive/2012/texmf-dist/tex/generic/pgf/basiclayer/pgfcoreexternal.
code.tex
File: pgfcoreexternal.code.tex 2010/09/01  (rcs-revision 1.17)
\pgfexternal@startupbox=\box43
))
(/usr/local/texlive/2012/texmf-dist/tex/generic/pgf/basiclayer/pgfcorelayers.co
de.tex
File: pgfcorelayers.code.tex 2010/08/27  (rcs-revision 1.2)
)
(/usr/local/texlive/2012/texmf-dist/tex/generic/pgf/basiclayer/pgfcoretranspare
ncy.code.tex
File: pgfcoretransparency.code.tex 2008/01/17  (rcs-revision 1.2)
)
(/usr/local/texlive/2012/texmf-dist/tex/generic/pgf/basiclayer/pgfcorepatterns.
code.tex
File: pgfcorepatterns.code.tex 2009/07/02  (rcs-revision 1.3)
)))
(/usr/local/texlive/2012/texmf-dist/tex/generic/pgf/modules/pgfmoduleshapes.cod
e.tex
File: pgfmoduleshapes.code.tex 2010/09/09  (rcs-revision 1.13)
\pgfnodeparttextbox=\box44
)
(/usr/local/texlive/2012/texmf-dist/tex/generic/pgf/modules/pgfmoduleplot.code.
tex
File: pgfmoduleplot.code.tex 2010/10/22  (rcs-revision 1.8)
)
(/usr/local/texlive/2012/texmf-dist/tex/latex/pgf/compatibility/pgfcomp-version
-0-65.sty
Package: pgfcomp-version-0-65 2007/07/03 v2.10 (rcs-revision 1.7)
\pgf@nodesepstart=\dimen200
\pgf@nodesepend=\dimen201
)
(/usr/local/texlive/2012/texmf-dist/tex/latex/pgf/compatibility/pgfcomp-version
-1-18.sty
Package: pgfcomp-version-1-18 2007/07/23 v2.10 (rcs-revision 1.1)
))
(/usr/local/texlive/2012/texmf-dist/tex/latex/pgf/utilities/pgffor.sty
(/usr/local/texlive/2012/texmf-dist/tex/latex/pgf/utilities/pgfkeys.sty
(/usr/local/texlive/2012/texmf-dist/tex/generic/pgf/utilities/pgfkeys.code.tex)
) (/usr/local/texlive/2012/texmf-dist/tex/generic/pgf/utilities/pgffor.code.tex
Package: pgffor 2010/03/23 v2.10 (rcs-revision 1.18)
\pgffor@iter=\dimen202
\pgffor@skip=\dimen203
\pgffor@stack=\toks34
\pgffor@toks=\toks35
))
(/usr/local/texlive/2012/texmf-dist/tex/generic/pgf/frontendlayer/tikz/tikz.cod
e.tex
Package: tikz 2010/10/13 v2.10 (rcs-revision 1.76)

(/usr/local/texlive/2012/texmf-dist/tex/generic/pgf/libraries/pgflibraryplothan
dlers.code.tex
File: pgflibraryplothandlers.code.tex 2010/05/31 v2.10 (rcs-revision 1.15)
\pgf@plot@mark@count=\count166
\pgfplotmarksize=\dimen204
)
\tikz@lastx=\dimen205
\tikz@lasty=\dimen206
\tikz@lastxsaved=\dimen207
\tikz@lastysaved=\dimen208
\tikzleveldistance=\dimen209
\tikzsiblingdistance=\dimen210
\tikz@figbox=\box45
\tikz@tempbox=\box46
\tikztreelevel=\count167
\tikznumberofchildren=\count168
\tikznumberofcurrentchild=\count169
\tikz@fig@count=\count170

(/usr/local/texlive/2012/texmf-dist/tex/generic/pgf/modules/pgfmodulematrix.cod
e.tex
File: pgfmodulematrix.code.tex 2010/08/24  (rcs-revision 1.4)
\pgfmatrixcurrentrow=\count171
\pgfmatrixcurrentcolumn=\count172
\pgf@matrix@numberofcolumns=\count173
)
\tikz@expandcount=\count174

(/usr/local/texlive/2012/texmf-dist/tex/generic/pgf/frontendlayer/tikz/librarie
s/tikzlibrarytopaths.code.tex
File: tikzlibrarytopaths.code.tex 2008/06/17 v2.10 (rcs-revision 1.2)
)))
(/usr/local/texlive/2012/texmf-dist/tex/latex/base/fix-cm.sty
Package: fix-cm 2006/09/13 v1.1m fixes to LaTeX

(/usr/local/texlive/2012/texmf-dist/tex/latex/base/ts1enc.def
File: ts1enc.def 2001/06/05 v3.0e (jk/car/fm) Standard LaTeX file
))
(/usr/local/texlive/2012/texmf-dist/tex/latex/circuitikz/circuitikz.sty
Package: circuitikz 2009/11/18 The CircuiTikz circuit drawing package version 0
.2.4

(/usr/local/texlive/2012/texmf-dist/tex/generic/pgf/frontendlayer/tikz/librarie
s/tikzlibrarycalc.code.tex
File: tikzlibrarycalc.code.tex 2009/09/04 v2.10 (rcs-revision 1.6)
)
(/usr/local/texlive/2012/texmf-dist/tex/generic/pgf/libraries/decorations/pgfli
brarydecorations.pathmorphing.code.tex
(/usr/local/texlive/2012/texmf-dist/tex/generic/pgf/modules/pgfmoduledecoration
s.code.tex
\pgfdecoratedcompleteddistance=\dimen211
\pgfdecoratedremainingdistance=\dimen212
\pgfdecoratedinputsegmentcompleteddistance=\dimen213
\pgfdecoratedinputsegmentremainingdistance=\dimen214
\pgf@decorate@distancetomove=\dimen215
\pgf@decorate@repeatstate=\count175
\pgfdecorationsegmentamplitude=\dimen216
\pgfdecorationsegmentlength=\dimen217
))
(/usr/local/texlive/2012/texmf-dist/tex/latex/circuitikz/circuitikz.code.tex
\pgf@circ@Rlen=\dimen218

(/usr/local/texlive/2012/texmf-dist/tex/latex/circuitikz/pgfcircutils.sty)
(/usr/local/texlive/2012/texmf-dist/tex/latex/circuitikz/pgfcircmath.sty)
(/usr/local/texlive/2012/texmf-dist/tex/latex/circuitikz/pgfcircshapes.sty)
(/usr/local/texlive/2012/texmf-dist/tex/latex/circuitikz/pgfcircmonopoles.sty)
(/usr/local/texlive/2012/texmf-dist/tex/latex/circuitikz/pgfcircbipoles.sty)
(/usr/local/texlive/2012/texmf-dist/tex/latex/circuitikz/pgfcirctripoles.sty)
(/usr/local/texlive/2012/texmf-dist/tex/latex/circuitikz/pgfcircquadpoles.sty)
(/usr/local/texlive/2012/texmf-dist/tex/latex/circuitikz/pgfcirclabel.sty)
(/usr/local/texlive/2012/texmf-dist/tex/latex/circuitikz/pgfcircvoltage.sty)
(/usr/local/texlive/2012/texmf-dist/tex/latex/circuitikz/pgfcirccurrent.sty))
(/usr/local/texlive/2012/texmf-dist/tex/latex/circuitikz/circuitikz1.code.tex
\pgf@circ@res@up=\dimen219
\pgf@circ@res@down=\dimen220
\pgf@circ@res@zero=\dimen221
\pgf@circ@res@left=\dimen222
\pgf@circ@res@right=\dimen223
\pgf@circ@res@other=\dimen224
\pgf@circ@res@step=\dimen225
\pgfstartlinewidth=\dimen226
))
(/usr/local/texlive/2012/texmf-dist/tex/generic/pgf/frontendlayer/tikz/librarie
s/tikzlibraryarrows.code.tex
File: tikzlibraryarrows.code.tex 2008/01/09 v2.10 (rcs-revision 1.1)

(/usr/local/texlive/2012/texmf-dist/tex/generic/pgf/libraries/pgflibraryarrows.
code.tex
File: pgflibraryarrows.code.tex 2008/10/27 v2.10 (rcs-revision 1.9)
\arrowsize=\dimen227
))
(/usr/local/texlive/2012/texmf-dist/tex/generic/pgf/frontendlayer/tikz/librarie
s/tikzlibraryautomata.code.tex
File: tikzlibraryautomata.code.tex 2008/07/14 v2.10 (rcs-revision 1.3)

(/usr/local/texlive/2012/texmf-dist/tex/generic/pgf/frontendlayer/tikz/librarie
s/tikzlibraryshapes.multipart.code.tex
File: tikzlibraryshapes.multipart.code.tex 2008/01/09 v2.10 (rcs-revision 1.1)

(/usr/local/texlive/2012/texmf-dist/tex/generic/pgf/libraries/shapes/pgflibrary
shapes.multipart.code.tex
File: pgflibraryshapes.multipart.code.tex 2010/01/07 v2.10 (rcs-revision 1.2)
\pgfnodepartlowerbox=\box47
\pgfnodeparttwobox=\box48
\pgfnodepartthreebox=\box49
\pgfnodepartfourbox=\box50
\pgfnodeparttwentybox=\box51
\pgfnodepartnineteenbox=\box52
\pgfnodeparteighteenbox=\box53
\pgfnodepartseventeenbox=\box54
\pgfnodepartsixteenbox=\box55
\pgfnodepartfifteenbox=\box56
\pgfnodepartfourteenbox=\box57
\pgfnodepartthirteenbox=\box58
\pgfnodeparttwelvebox=\box59
\pgfnodepartelevenbox=\box60
\pgfnodeparttenbox=\box61
\pgfnodepartninebox=\box62
\pgfnodeparteightbox=\box63
\pgfnodepartsevenbox=\box64
\pgfnodepartsixbox=\box65
\pgfnodepartfivebox=\box66
)))
(/usr/local/texlive/2012/texmf-dist/tex/generic/pgf/frontendlayer/tikz/librarie
s/tikzlibraryshadows.code.tex
File: tikzlibraryshadows.code.tex 2008/01/13 v2.10 (rcs-revision 1.3)

(/usr/local/texlive/2012/texmf-dist/tex/generic/pgf/frontendlayer/tikz/librarie
s/tikzlibraryfadings.code.tex
File: tikzlibraryfadings.code.tex 2009/11/15 v2.10 (rcs-revision 1.2)

(/usr/local/texlive/2012/texmf-dist/tex/generic/pgf/libraries/pgflibraryfadings
.code.tex
File: pgflibraryfadings.code.tex 2008/02/07 v2.10 (rcs-revision 1.3)
)))
(/usr/local/texlive/2012/texmf-dist/tex/latex/todonotes/todonotes.sty
Package: todonotes 2011/10/22 .dtx Todonotes source and documentation.
Package: todonotes 2011/10/22

(/usr/local/texlive/2012/texmf-dist/tex/latex/base/ifthen.sty
Package: ifthen 2001/05/26 v1.1c Standard LaTeX ifthen package (DPC)
)
(/usr/local/texlive/2012/texmf-dist/tex/latex/xkeyval/xkeyval.sty
Package: xkeyval 2008/08/13 v2.6a package option processing (HA)

(/usr/local/texlive/2012/texmf-dist/tex/generic/xkeyval/xkeyval.tex
\XKV@toks=\toks36
\XKV@tempa@toks=\toks37
\XKV@depth=\count176
File: xkeyval.tex 2008/08/13 v2.6a key=value parser (HA)
))
(/usr/local/texlive/2012/texmf-dist/tex/generic/pgf/frontendlayer/tikz/librarie
s/tikzlibrarypositioning.code.tex
File: tikzlibrarypositioning.code.tex 2008/10/06 v2.10 (rcs-revision 1.7)
)
(/usr/local/texlive/2012/texmf-dist/tex/latex/tools/calc.sty
Package: calc 2007/08/22 v4.3 Infix arithmetic (KKT,FJ)
\calc@Acount=\count177
\calc@Bcount=\count178
\calc@Adimen=\dimen228
Normal \dimen register pool exhausted, switching to extended pool.
\calc@Bdimen=\dimen256
\calc@Askip=\skip198
\calc@Bskip=\skip199
LaTeX Info: Redefining \setlength on input line 76.
LaTeX Info: Redefining \addtolength on input line 77.
\calc@Ccount=\count179
\calc@Cskip=\skip200
)
\c@@todonotes@numberoftodonotes=\count180
)
(/usr/local/texlive/2012/texmf-dist/tex/latex/paralist/paralist.sty
Package: paralist 2002/03/18 v2.3b Extended list environments (BS)
\pltopsep=\skip201
\plpartopsep=\skip202
\plitemsep=\skip203
\plparsep=\skip204
\pl@lab=\toks38
)
(/usr/local/texlive/2012/texmf-dist/tex/latex/amsmath/amsmath.sty
Package: amsmath 2000/07/18 v2.13 AMS math features
\@mathmargin=\skip205

For additional information on amsmath, use the `?' option.
(/usr/local/texlive/2012/texmf-dist/tex/latex/amsmath/amstext.sty
Package: amstext 2000/06/29 v2.01

(/usr/local/texlive/2012/texmf-dist/tex/latex/amsmath/amsgen.sty
File: amsgen.sty 1999/11/30 v2.0
\@emptytoks=\toks39
\ex@=\dimen257
))
(/usr/local/texlive/2012/texmf-dist/tex/latex/amsmath/amsbsy.sty
Package: amsbsy 1999/11/29 v1.2d
\pmbraise@=\dimen258
)
(/usr/local/texlive/2012/texmf-dist/tex/latex/amsmath/amsopn.sty
Package: amsopn 1999/12/14 v2.01 operator names
)
\inf@bad=\count181
LaTeX Info: Redefining \frac on input line 211.
\uproot@=\count182
\leftroot@=\count183
LaTeX Info: Redefining \overline on input line 307.
\classnum@=\count184
\DOTSCASE@=\count185
LaTeX Info: Redefining \ldots on input line 379.
LaTeX Info: Redefining \dots on input line 382.
LaTeX Info: Redefining \cdots on input line 467.
\Mathstrutbox@=\box67
\strutbox@=\box68
\big@size=\dimen259
LaTeX Font Info:    Redeclaring font encoding OML on input line 567.
LaTeX Font Info:    Redeclaring font encoding OMS on input line 568.
\macc@depth=\count186
\c@MaxMatrixCols=\count187
\dotsspace@=\muskip11
\c@parentequation=\count188
\dspbrk@lvl=\count189
\tag@help=\toks40
\row@=\count190
\column@=\count191
\maxfields@=\count192
\andhelp@=\toks41
\eqnshift@=\dimen260
\alignsep@=\dimen261
\tagshift@=\dimen262
\tagwidth@=\dimen263
\totwidth@=\dimen264
\lineht@=\dimen265
\@envbody=\toks42
\multlinegap=\skip206
\multlinetaggap=\skip207
\mathdisplay@stack=\toks43
LaTeX Info: Redefining \[ on input line 2666.
LaTeX Info: Redefining \] on input line 2667.
)
(/usr/local/texlive/2012/texmf-dist/tex/latex/mdwtools/mdwlist.sty
Package: mdwlist 1996/05/02 1.1 Various list-related things
)
(/usr/local/texlive/2012/texmf-dist/tex/latex/polytable/polytable.sty
Package: polytable 2005/04/26 v0.8.2 `polytable' package (Andres Loeh)

(/usr/local/texlive/2012/texmf-dist/tex/latex/lazylist/lazylist.sty)
\PT@colwidth=\dimen266
\PT@cols=\count193
\PT@table=\count194
\PT@toks=\toks44
\PT@in=\read3
\PT@out=\write5
)
(/usr/local/texlive/2012/texmf-dist/tex/latex/IEEEtran/IEEEtrantools.sty
Package: IEEEtrantools 2007/01/11 V1.2 by Michael Shell

-- See the "IEEEtrantools_doc.txt" manual for usage information.
-- http://www.michaelshell.org/tex/ieeetran/tools/
\@IEEEtrantmpdimenA=\dimen267
\@IEEEtrantmpdimenB=\dimen268
\@IEEEtrantmpcountA=\count195
\@IEEEtrantmpcountB=\count196
\@IEEEtrantmptoksA=\toks45
\IEEEnormaljot=\dimen269
\IEEEilabelindentA=\dimen270
\IEEEilabelindentB=\dimen271
\IEEEilabelindent=\dimen272
\IEEEelabelindent=\dimen273
\IEEEdlabelindent=\dimen274
\IEEElabelindent=\dimen275
\IEEEiednormlabelsep=\dimen276
\IEEEiedmathlabelsep=\dimen277
\IEEEiedtopsep=\skip208
\c@IEEEsubequation=\count197
\@IEEEeqnnumcols=\count198
\@IEEEeqncolcnt=\count199
\IEEEPARstartletwidth=\dimen278
) (/usr/local/texlive/2012/texmf-dist/tex/latex/txfonts/txfonts.sty
Package: txfonts 2008/01/22 v3.2.1
LaTeX Font Info:    Redeclaring symbol font `operators' on input line 21.
LaTeX Font Info:    Overwriting symbol font `operators' in version `normal'
(Font)                  OT1/cmr/m/n --> OT1/txr/m/n on input line 21.
LaTeX Font Info:    Overwriting symbol font `operators' in version `bold'
(Font)                  OT1/cmr/bx/n --> OT1/txr/m/n on input line 21.
LaTeX Font Info:    Overwriting symbol font `operators' in version `bold'
(Font)                  OT1/txr/m/n --> OT1/txr/bx/n on input line 22.
\symitalic=\mathgroup4
LaTeX Font Info:    Overwriting symbol font `italic' in version `bold'
(Font)                  OT1/txr/m/it --> OT1/txr/bx/it on input line 26.
LaTeX Font Info:    Redeclaring math alphabet \mathbf on input line 29.
LaTeX Font Info:    Overwriting math alphabet `\mathbf' in version `normal'
(Font)                  OT1/cmr/bx/n --> OT1/txr/bx/n on input line 29.
LaTeX Font Info:    Overwriting math alphabet `\mathbf' in version `bold'
(Font)                  OT1/cmr/bx/n --> OT1/txr/bx/n on input line 29.
LaTeX Font Info:    Redeclaring math alphabet \mathit on input line 30.
LaTeX Font Info:    Overwriting math alphabet `\mathit' in version `normal'
(Font)                  OT1/cmr/m/it --> OT1/txr/m/it on input line 30.
LaTeX Font Info:    Overwriting math alphabet `\mathit' in version `bold'
(Font)                  OT1/cmr/bx/it --> OT1/txr/m/it on input line 30.
LaTeX Font Info:    Overwriting math alphabet `\mathit' in version `bold'
(Font)                  OT1/txr/m/it --> OT1/txr/bx/it on input line 31.
LaTeX Font Info:    Redeclaring math alphabet \mathsf on input line 40.
LaTeX Font Info:    Overwriting math alphabet `\mathsf' in version `normal'
(Font)                  OT1/cmss/m/n --> OT1/txss/m/n on input line 40.
LaTeX Font Info:    Overwriting math alphabet `\mathsf' in version `bold'
(Font)                  OT1/cmss/bx/n --> OT1/txss/m/n on input line 40.
LaTeX Font Info:    Overwriting math alphabet `\mathsf' in version `bold'
(Font)                  OT1/txss/m/n --> OT1/txss/b/n on input line 41.
LaTeX Font Info:    Redeclaring math alphabet \mathtt on input line 50.
LaTeX Font Info:    Overwriting math alphabet `\mathtt' in version `normal'
(Font)                  OT1/cmtt/m/n --> OT1/txtt/m/n on input line 50.
LaTeX Font Info:    Overwriting math alphabet `\mathtt' in version `bold'
(Font)                  OT1/cmtt/m/n --> OT1/txtt/m/n on input line 50.
LaTeX Font Info:    Overwriting math alphabet `\mathtt' in version `bold'
(Font)                  OT1/txtt/m/n --> OT1/txtt/b/n on input line 51.
LaTeX Font Info:    Redeclaring symbol font `letters' on input line 58.
LaTeX Font Info:    Overwriting symbol font `letters' in version `normal'
(Font)                  OML/cmm/m/it --> OML/txmi/m/it on input line 58.
LaTeX Font Info:    Overwriting symbol font `letters' in version `bold'
(Font)                  OML/cmm/b/it --> OML/txmi/m/it on input line 58.
LaTeX Font Info:    Overwriting symbol font `letters' in version `bold'
(Font)                  OML/txmi/m/it --> OML/txmi/bx/it on input line 59.
\symlettersA=\mathgroup5
LaTeX Font Info:    Overwriting symbol font `lettersA' in version `bold'
(Font)                  U/txmia/m/it --> U/txmia/bx/it on input line 67.
LaTeX Font Info:    Redeclaring symbol font `symbols' on input line 77.
LaTeX Font Info:    Overwriting symbol font `symbols' in version `normal'
(Font)                  OMS/cmsy/m/n --> OMS/txsy/m/n on input line 77.
LaTeX Font Info:    Overwriting symbol font `symbols' in version `bold'
(Font)                  OMS/cmsy/b/n --> OMS/txsy/m/n on input line 77.
LaTeX Font Info:    Overwriting symbol font `symbols' in version `bold'
(Font)                  OMS/txsy/m/n --> OMS/txsy/bx/n on input line 78.
\symAMSa=\mathgroup6
LaTeX Font Info:    Overwriting symbol font `AMSa' in version `bold'
(Font)                  U/txsya/m/n --> U/txsya/bx/n on input line 94.
\symAMSb=\mathgroup7
LaTeX Font Info:    Overwriting symbol font `AMSb' in version `bold'
(Font)                  U/txsyb/m/n --> U/txsyb/bx/n on input line 103.
\symsymbolsC=\mathgroup8
LaTeX Font Info:    Overwriting symbol font `symbolsC' in version `bold'
(Font)                  U/txsyc/m/n --> U/txsyc/bx/n on input line 113.
LaTeX Font Info:    Redeclaring symbol font `largesymbols' on input line 120.
LaTeX Font Info:    Overwriting symbol font `largesymbols' in version `normal'
(Font)                  OMX/cmex/m/n --> OMX/txex/m/n on input line 120.
LaTeX Font Info:    Overwriting symbol font `largesymbols' in version `bold'
(Font)                  OMX/cmex/m/n --> OMX/txex/m/n on input line 120.
LaTeX Font Info:    Overwriting symbol font `largesymbols' in version `bold'
(Font)                  OMX/txex/m/n --> OMX/txex/bx/n on input line 121.
\symlargesymbolsA=\mathgroup9
LaTeX Font Info:    Overwriting symbol font `largesymbolsA' in version `bold'
(Font)                  U/txexa/m/n --> U/txexa/bx/n on input line 129.
LaTeX Info: Redefining \not on input line 1043.
)
(/usr/local/texlive/2012/texmf-dist/tex/latex/placeins/placeins.sty
Package: placeins 2005/04/18  v 2.2
)
(/usr/local/texlive/2012/texmf-dist/tex/latex/glossaries/base/glossaries.sty
Package: glossaries 2012/05/21 v3.02 (NLCT)

(/usr/local/texlive/2012/texmf-dist/tex/latex/glossaries/base/mfirstuc.sty
Package: mfirstuc 2012/05/21 v1.06 (NLCT)

(/usr/local/texlive/2012/texmf-dist/tex/latex/etoolbox/etoolbox.sty
Package: etoolbox 2011/01/03 v2.1 e-TeX tools for LaTeX
\etb@tempcnta=\count200
)
\@glsmfirst=\toks46
\@glsmrest=\toks47
)
(/usr/local/texlive/2012/texmf-dist/tex/latex/xfor/xfor.sty
Package: xfor 2009/02/05 v1.05 (NLCT)
)

Package glossaries Warning: overriding \glossarymark on input line 558.

\gls@level=\count201
\@gls@tmpb=\toks48
\gls@tmplen=\skip209
\glswrite=\write6

Package glossaries Warning: Overriding \printglossary on input line 3393.


Package glossaries Warning: overriding `theglossary' environment on input line 
3584.

\glskeylisttok=\toks49
\glslabeltok=\toks50
\glsshorttok=\toks51
\glslongtok=\toks52

(/usr/local/texlive/2012/texmf-dist/tex/latex/glossaries/styles/glossary-hypern
av.sty
Package: glossary-hypernav 2007/07/04 v1.01 (NLCT)
)
(/usr/local/texlive/2012/texmf-dist/tex/latex/glossaries/styles/glossary-list.s
ty
Package: glossary-list 2011/03/28 v3.0 (NLCT)
\glslistdottedwidth=\skip210
)
(/usr/local/texlive/2012/texmf-dist/tex/latex/glossaries/styles/glossary-long.s
ty
Package: glossary-long 2011/03/28 v3.0 (NLCT)
 (/usr/local/texlive/2012/texmf-dist/tex/latex/tools/longtable.sty
Package: longtable 2004/02/01 v4.11 Multi-page Table package (DPC)
\LTleft=\skip211
\LTright=\skip212
\LTpre=\skip213
\LTpost=\skip214
\LTchunksize=\count202
\LTcapwidth=\dimen279
\LT@head=\box69
\LT@firsthead=\box70
\LT@foot=\box71
\LT@lastfoot=\box72
\LT@cols=\count203
\LT@rows=\count204
\c@LT@tables=\count205
\c@LT@chunks=\count206
\LT@p@ftn=\toks53
)
\glsdescwidth=\skip215
\glspagelistwidth=\skip216
)
(/usr/local/texlive/2012/texmf-dist/tex/latex/glossaries/styles/glossary-super.
sty
Package: glossary-super 2011/03/28 v3.0 (NLCT)
 (/usr/local/texlive/2012/texmf-dist/tex/latex/supertabular/supertabular.sty
Package: supertabular 2004/02/20 v4.1e the supertabular environment
\c@tracingst=\count207
\ST@wd=\dimen280
\ST@rightskip=\skip217
\ST@leftskip=\skip218
\ST@parfillskip=\skip219
\ST@pageleft=\dimen281
\ST@headht=\dimen282
\ST@tailht=\dimen283
\ST@pagesofar=\dimen284
\ST@pboxht=\dimen285
\ST@lineht=\dimen286
\ST@stretchht=\dimen287
\ST@prevht=\dimen288
\ST@toadd=\dimen289
\ST@dimen=\dimen290
\ST@pbox=\box73
))
(/usr/local/texlive/2012/texmf-dist/tex/latex/glossaries/styles/glossary-tree.s
ty
Package: glossary-tree 2011/03/28 v3.0 (NLCT)
\glstreeindent=\skip220
)) (/usr/local/texlive/2012/texmf-dist/tex/latex/tcolorbox/tcolorbox.sty
Package: tcolorbox 2013/03/13 version 2.02 text color boxes
\tcb@titlebox=\box74
\tcb@upperbox=\box75
\tcb@lowerbox=\box76
\c@tcbbreakpart=\count208
\tcb@out=\write7
)
(/usr/local/texlive/2012/texmf-dist/tex/latex/setspace/setspace.sty
Package: setspace 2011/12/19 v6.7a set line spacing
)
(/usr/local/texlive/2012/texmf-dist/tex/latex/vmargin/vmargin.sty
Package: vmargin 2004/07/15 V2.5 set document margins (VK)

Package: vmargin 2004/07/15 V2.5 set document margins (VK)
\PaperWidth=\dimen291
\PaperHeight=\dimen292
) (/usr/local/texlive/2012/texmf-dist/tex/latex/tcolorbox/tcblistings.code.tex
(/usr/local/texlive/2012/texmf-dist/tex/latex/listings/listings.sty
\lst@mode=\count209
\lst@gtempboxa=\box77
\lst@token=\toks54
\lst@length=\count210
\lst@currlwidth=\dimen293
\lst@column=\count211
\lst@pos=\count212
\lst@lostspace=\dimen294
\lst@width=\dimen295
\lst@newlines=\count213
\lst@lineno=\count214
\lst@maxwidth=\dimen296

(/usr/local/texlive/2012/texmf-dist/tex/latex/listings/lstmisc.sty
File: lstmisc.sty 2007/02/22 1.4 (Carsten Heinz)
\c@lstnumber=\count215
\lst@skipnumbers=\count216
\lst@framebox=\box78
)
(/usr/local/texlive/2012/texmf-dist/tex/latex/listings/listings.cfg
File: listings.cfg 2007/02/22 1.4 listings configuration
))
Package: listings 2007/02/22 1.4 (Carsten Heinz)
)
(/usr/local/texlive/2012/texmf-dist/tex/latex/tcolorbox/tcbskins.code.tex
\tcb@waterbox=\box79
)
\c@texexp=\count217
\c@mydef=\count218
\c@myexp=\count219

(./glossary.tex
\glo@main@file=\write8
\openout8 = `thesis.glo'.

Package glossaries Info: Writing glossary file thesis.glo on input line 54.
)
Package hyperref Info: Option `colorlinks' set `true' on input line 148.

(/usr/local/texlive/2012/texmf-dist/tex/latex/psnfss/mathpazo.sty
Package: mathpazo 2005/04/12 PSNFSS-v9.2a Palatino w/ Pazo Math (D.Puga, WaS) 
\symupright=\mathgroup10
)
(/usr/local/texlive/2012/texmf-dist/tex/latex/tex-gyre/tgpagella.sty
Package: tgpagella 2009/09/27 v1.2 TeX Gyre Pagella as default roman family
)
(/usr/local/texlive/2012/texmf-dist/tex/latex/base/fontenc.sty
Package: fontenc 2005/09/27 v1.99g Standard LaTeX package

(/usr/local/texlive/2012/texmf-dist/tex/latex/base/t1enc.def
File: t1enc.def 2005/09/27 v1.99g Standard LaTeX file
LaTeX Font Info:    Redeclaring font encoding T1 on input line 43.
)
LaTeX Font Info:    Try loading font information for T1+qpl on input line 100.

(/usr/local/texlive/2012/texmf-dist/tex/latex/tex-gyre/t1qpl.fd
File: t1qpl.fd 2009/09/25 v1.2 font definition file for T1/qpl
))
\drop=\skip221
 (./thesis.aux

LaTeX Warning: Label `' multiply defined.


LaTeX Warning: Label `' multiply defined.


LaTeX Warning: Label `' multiply defined.


LaTeX Warning: Label `' multiply defined.


LaTeX Warning: Label `' multiply defined.


LaTeX Warning: Label `' multiply defined.


LaTeX Warning: Label `' multiply defined.


LaTeX Warning: Label `' multiply defined.


LaTeX Warning: Label `' multiply defined.


LaTeX Warning: Label `' multiply defined.


LaTeX Warning: Label `' multiply defined.


LaTeX Warning: Label `' multiply defined.


LaTeX Warning: Label `' multiply defined.


LaTeX Warning: Label `' multiply defined.


LaTeX Warning: Label `' multiply defined.


LaTeX Warning: Label `' multiply defined.


LaTeX Warning: Label `' multiply defined.


LaTeX Warning: Label `' multiply defined.


LaTeX Warning: Label `' multiply defined.


LaTeX Warning: Label `' multiply defined.


LaTeX Warning: Label `' multiply defined.


LaTeX Warning: Label `' multiply defined.


LaTeX Warning: Label `' multiply defined.


LaTeX Warning: Label `' multiply defined.


LaTeX Warning: Label `' multiply defined.


LaTeX Warning: Label `' multiply defined.


LaTeX Warning: Label `' multiply defined.


LaTeX Warning: Label `' multiply defined.


LaTeX Warning: Label `' multiply defined.


LaTeX Warning: Label `' multiply defined.


LaTeX Warning: Label `' multiply defined.


LaTeX Warning: Label `' multiply defined.


LaTeX Warning: Label `' multiply defined.


LaTeX Warning: Label `' multiply defined.


LaTeX Warning: Label `' multiply defined.


LaTeX Warning: Label `' multiply defined.


LaTeX Warning: Label `' multiply defined.


LaTeX Warning: Label `' multiply defined.


LaTeX Warning: Label `' multiply defined.


LaTeX Warning: Label `' multiply defined.


LaTeX Warning: Label `' multiply defined.


LaTeX Warning: Label `' multiply defined.


LaTeX Warning: Label `' multiply defined.


LaTeX Warning: Label `' multiply defined.


LaTeX Warning: Label `' multiply defined.


LaTeX Warning: Label `' multiply defined.


LaTeX Warning: Label `' multiply defined.

)
\openout1 = `thesis.aux'.

LaTeX Font Info:    Checking defaults for OML/txmi/m/it on input line 168.
LaTeX Font Info:    Try loading font information for OML+txmi on input line 168
.
 (/usr/local/texlive/2012/texmf-dist/tex/latex/txfonts/omltxmi.fd
File: omltxmi.fd 2000/12/15 v3.1
)
LaTeX Font Info:    ... okay on input line 168.
LaTeX Font Info:    Checking defaults for T1/cmr/m/n on input line 168.
LaTeX Font Info:    ... okay on input line 168.
LaTeX Font Info:    Checking defaults for OT1/cmr/m/n on input line 168.
LaTeX Font Info:    ... okay on input line 168.
LaTeX Font Info:    Checking defaults for OMS/txsy/m/n on input line 168.
LaTeX Font Info:    Try loading font information for OMS+txsy on input line 168
.

(/usr/local/texlive/2012/texmf-dist/tex/latex/txfonts/omstxsy.fd
File: omstxsy.fd 2000/12/15 v3.1
)
LaTeX Font Info:    ... okay on input line 168.
LaTeX Font Info:    Checking defaults for OMX/txex/m/n on input line 168.
LaTeX Font Info:    Try loading font information for OMX+txex on input line 168
.

(/usr/local/texlive/2012/texmf-dist/tex/latex/txfonts/omxtxex.fd
File: omxtxex.fd 2000/12/15 v3.1
)
LaTeX Font Info:    ... okay on input line 168.
LaTeX Font Info:    Checking defaults for U/txexa/m/n on input line 168.
LaTeX Font Info:    Try loading font information for U+txexa on input line 168.


(/usr/local/texlive/2012/texmf-dist/tex/latex/txfonts/utxexa.fd
File: utxexa.fd 2000/12/15 v3.1
)
LaTeX Font Info:    ... okay on input line 168.
LaTeX Font Info:    Checking defaults for PD1/pdf/m/n on input line 168.
LaTeX Font Info:    ... okay on input line 168.
LaTeX Font Info:    Checking defaults for PU/pdf/m/n on input line 168.
LaTeX Font Info:    ... okay on input line 168.
LaTeX Font Info:    Checking defaults for TS1/cmr/m/n on input line 168.
LaTeX Font Info:    ... okay on input line 168.
\AtBeginShipoutBox=\box80
Package hyperref Info: Link coloring ON on input line 168.

(/usr/local/texlive/2012/texmf-dist/tex/latex/hyperref/nameref.sty
Package: nameref 2010/04/30 v2.40 Cross-referencing by name of section

(/usr/local/texlive/2012/texmf-dist/tex/generic/oberdiek/gettitlestring.sty
Package: gettitlestring 2010/12/03 v1.4 Cleanup title references (HO)
)
\c@section@level=\count220
)
Redoing nameref's sectioning
Redoing nameref's label
LaTeX Info: Redefining \nameref on input line 168.
LaTeX Info: Redefining \ref on input line 168.
LaTeX Info: Redefining \pageref on input line 168.
LaTeX Info: Redefining \nameref on input line 168.
(./thesis.out) (./thesis.out)
\@outlinefile=\write9
\openout9 = `thesis.out'.


(/usr/local/texlive/2012/texmf-dist/tex/context/base/supp-pdf.mkii
[Loading MPS to PDF converter (version 2006.09.02).]
\scratchcounter=\count221
\scratchdimen=\dimen297
\scratchbox=\box81
\nofMPsegments=\count222
\nofMParguments=\count223
\everyMPshowfont=\toks55
\MPscratchCnt=\count224
\MPscratchDim=\dimen298
\MPnumerator=\count225
\makeMPintoPDFobject=\count226
\everyMPtoPDFconversion=\toks56
) (/usr/local/texlive/2012/texmf-dist/tex/latex/oberdiek/epstopdf-base.sty
Package: epstopdf-base 2010/02/09 v2.5 Base part for package epstopdf

(/usr/local/texlive/2012/texmf-dist/tex/latex/oberdiek/grfext.sty
Package: grfext 2010/08/19 v1.1 Manage graphics extensions (HO)
)
Package grfext Info: Graphics extension search list:
(grfext)             [.eps]
(grfext)             \AppendGraphicsExtensions on input line 452.

(/usr/local/texlive/2012/texmf-dist/tex/latex/latexconfig/epstopdf-sys.cfg
File: epstopdf-sys.cfg 2010/07/13 v1.3 Configuration of (r)epstopdf for TeX Liv
e
))
ABD: EveryShipout initializing macros
\c@lstlisting=\count227
\@brx=\box82

Underfull \hbox (badness 10000) in paragraph at lines 192--200

 []


Underfull \hbox (badness 10000) in paragraph at lines 192--200

 []

[1

\openout6 = `thesis.ist'.

{/usr/local/texlive/2012/texmf-var/fonts/map/pdftex/updmap/pdftex.map}]
[2

]
LaTeX Font Info:    Try loading font information for T1+txss on input line 249.

 (/usr/local/texlive/2012/texmf-dist/tex/latex/txfonts/t1txss.fd
File: t1txss.fd 2000/12/15 v3.1
)
LaTeX Font Info:    Font shape `T1/txss/m/n' will be
(Font)              scaled to size 23.63593pt on input line 249.
LaTeX Font Info:    Font shape `T1/txss/b/n' in size <24.88> not available
(Font)              Font shape `T1/txss/bx/n' tried instead on input line 249.
LaTeX Font Info:    Font shape `T1/txss/bx/n' will be
(Font)              scaled to size 23.63593pt on input line 249.
LaTeX Font Info:    Try loading font information for OT1+pplx on input line 250
.

(/usr/local/texlive/2012/texmf-dist/tex/latex/psnfss/ot1pplx.fd
File: ot1pplx.fd 2004/09/06 font definitions for OT1/pplx.
)
LaTeX Font Info:    Try loading font information for OML+zplm on input line 250
.

(/usr/local/texlive/2012/texmf-dist/tex/latex/psnfss/omlzplm.fd
File: omlzplm.fd 2002/09/08 Fontinst v1.914 font definitions for OML/zplm.
)
LaTeX Font Info:    Try loading font information for OMS+zplm on input line 250
.

(/usr/local/texlive/2012/texmf-dist/tex/latex/psnfss/omszplm.fd
File: omszplm.fd 2002/09/08 Fontinst v1.914 font definitions for OMS/zplm.
)
LaTeX Font Info:    Try loading font information for OMX+zplm on input line 250
.

(/usr/local/texlive/2012/texmf-dist/tex/latex/psnfss/omxzplm.fd
File: omxzplm.fd 2002/09/08 Fontinst v1.914 font definitions for OMX/zplm.
)
LaTeX Font Info:    Try loading font information for OT1+txr on input line 250.


(/usr/local/texlive/2012/texmf-dist/tex/latex/txfonts/ot1txr.fd
File: ot1txr.fd 2000/12/15 v3.1
)
LaTeX Font Info:    Try loading font information for U+txmia on input line 250.


(/usr/local/texlive/2012/texmf-dist/tex/latex/txfonts/utxmia.fd
File: utxmia.fd 2000/12/15 v3.1
)
LaTeX Font Info:    Try loading font information for U+txsya on input line 250.


(/usr/local/texlive/2012/texmf-dist/tex/latex/txfonts/utxsya.fd
File: utxsya.fd 2000/12/15 v3.1
)
LaTeX Font Info:    Try loading font information for U+txsyb on input line 250.


(/usr/local/texlive/2012/texmf-dist/tex/latex/txfonts/utxsyb.fd
File: utxsyb.fd 2000/12/15 v3.1
)
LaTeX Font Info:    Try loading font information for U+txsyc on input line 250.


(/usr/local/texlive/2012/texmf-dist/tex/latex/txfonts/utxsyc.fd
File: utxsyc.fd 2000/12/15 v3.1
)
LaTeX Font Info:    Try loading font information for OT1+zplm on input line 250
.

(/usr/local/texlive/2012/texmf-dist/tex/latex/psnfss/ot1zplm.fd
File: ot1zplm.fd 2002/09/08 Fontinst v1.914 font definitions for OT1/zplm.
) [1



] [2

]
[3

] [4] (./thesis.toc [5

]) [6] (./chapters/introduction.lhs.tex
\mathindent=\dimen299
\blanklineskip=\skip222
LaTeX Font Info:    Font shape `T1/txss/m/n' will be
(Font)              scaled to size 13.67995pt on input line 256.
LaTeX Font Info:    Font shape `T1/txss/m/it' in size <14.4> not available
(Font)              Font shape `T1/txss/m/sl' tried instead on input line 256.
LaTeX Font Info:    Font shape `T1/txss/m/sl' will be
(Font)              scaled to size 13.67995pt on input line 256.

Overfull \hbox (3.71057pt too wide) in paragraph at lines 264--273
\T1/qpl/m/n/10.95 tra-di-tion-ally been used in ar-eas where ver-i-fi-ca-tion i
s im-por-tant. The func-tional paradigm
 []


Underfull \vbox (badness 2809) has occurred while \output is active []

 [1



]
Overfull \hbox (4.73167pt too wide) in paragraph at lines 283--294
\T1/qpl/m/n/10.95 The type sys-tem of Haskell for in-stance, gives the de-vel-o
per an in-tu-itive in-ter-face through
 []


Underfull \hbox (badness 10000) in paragraph at lines 295--297

 []


Underfull \vbox (badness 1867) has occurred while \output is active []

 [2]
Overfull \hbox (0.42755pt too wide) in paragraph at lines 317--318
[]\T1/qpl/m/n/10.95 To in-ves-ti-gate how tem-po-ral ef-fects within a sin-gle 
clock do-main can be ex-pressed
 []

[3]) (./chapters/background.lhs.tex [4]

Package hyperref Warning: Token not allowed in a PDF string (Unicode):
(hyperref)                removing `math shift' on input line 263.


Package hyperref Warning: Token not allowed in a PDF string (Unicode):
(hyperref)                removing `\lambda' on input line 263.


Package hyperref Warning: Token not allowed in a PDF string (Unicode):
(hyperref)                removing `math shift' on input line 263.

LaTeX Font Info:    Try loading font information for OMS+qpl on input line 270.

LaTeX Font Info:    No file OMSqpl.fd. on input line 270.

LaTeX Font Warning: Font shape `OMS/qpl/m/n' undefined
(Font)              using `OMS/txsy/m/n' instead
(Font)              for symbol `textbullet' on input line 270.

\openout7 = `thesis.listing'.

(./thesis.listing) [5

]
Package epstopdf Info: Source file: <images/tree.eps>
(epstopdf)                    date: 2013-07-16 14:46:38
(epstopdf)                    size: 46851 bytes
(epstopdf)             Output file: <images/tree-eps-converted-to.pdf>
(epstopdf)                    date: 2013-07-16 14:47:00
(epstopdf)                    size: 11864 bytes
(epstopdf)             Command: <repstopdf --outfile=images/tree-eps-converted-
to.pdf images/tree.eps>
(epstopdf)             \includegraphics on input line 304.
Package epstopdf Info: Output file is already uptodate.

<images/tree-eps-converted-to.pdf, id=353, 198.7425pt x 185.69376pt>
File: images/tree-eps-converted-to.pdf Graphic file (type pdf)

<use images/tree-eps-converted-to.pdf>
Package pdftex.def Info: images/tree-eps-converted-to.pdf used on input line 30
4.
(pdftex.def)             Requested size: 125.24318pt x 117.0245pt.
 [6 <./images/tree-eps-converted-to.pdf>]

Package hyperref Warning: Token not allowed in a PDF string (Unicode):
(hyperref)                removing `math shift' on input line 320.


Package hyperref Warning: Token not allowed in a PDF string (Unicode):
(hyperref)                removing `\lambda' on input line 320.


Package hyperref Warning: Token not allowed in a PDF string (Unicode):
(hyperref)                removing `math shift' on input line 320.

\openout7 = `thesis.listing'.

(./thesis.listing
LaTeX Font Info:    Try loading font information for U+fplmbb on input line 14.


(/usr/local/texlive/2012/texmf-dist/tex/latex/psnfss/ufplmbb.fd
File: ufplmbb.fd 2003/10/30 Fontinst v1.914 font definitions for U/fplmbb.
)
Overfull \hbox (37.92834pt too wide) in paragraph at lines 19--33
[][] 
 []

) [7] [8]
\openout7 = `thesis.listing'.

 (./thesis.listing
Underfull \hbox (badness 10000) in paragraph at lines 36--38

 []


Underfull \hbox (badness 10000) in paragraph at lines 36--38

 []

) [9]

Package hyperref Warning: Token not allowed in a PDF string (Unicode):
(hyperref)                removing `math shift' on input line 495.


Package hyperref Warning: Token not allowed in a PDF string (Unicode):
(hyperref)                removing `\lambda' on input line 495.


Package hyperref Warning: Token not allowed in a PDF string (Unicode):
(hyperref)                removing `math shift' on input line 495.

[10]
\openout7 = `thesis.listing'.

 (./thesis.listing)
\openout7 = `thesis.listing'.

 (./thesis.listing) [11]
\openout7 = `thesis.listing'.

 (./thesis.listing)
\openout7 = `thesis.listing'.


(./thesis.listing
Underfull \hbox (badness 10000) in paragraph at lines 54--56

 []


Underfull \hbox (badness 10000) in paragraph at lines 54--56

 []

) [12]
Overfull \hbox (8.3956pt too wide) in paragraph at lines 674--681
[]\T1/qpl/m/n/10.95 However, to type-check ex-pres-sions con-tain-ing poly-type
s, that ap-proach is not as straight-
 []

\openout7 = `thesis.listing'.

(./thesis.listing

LaTeX Warning: Command \textbackslash invalid in math mode on input line 16.

) [13] [14]) (./chapters/syntax.lhs.tex [15] [16

] [17]
\openout7 = `thesis.listing'.

 (./thesis.listing
\openout5 = `thesis.ptb'.

)
[18]
\openout7 = `thesis.listing'.

 (./thesis.listing
\openout5 = `thesis.ptb'.

) [19]
Package epstopdf Info: Source file: <images/muladd.eps>
(epstopdf)                    date: 2013-06-08 13:56:40
(epstopdf)                    size: 67843 bytes
(epstopdf)             Output file: <images/muladd-eps-converted-to.pdf>
(epstopdf)                    date: 2013-06-08 13:59:09
(epstopdf)                    size: 20247 bytes
(epstopdf)             Command: <repstopdf --outfile=images/muladd-eps-converte
d-to.pdf images/muladd.eps>
(epstopdf)             \includegraphics on input line 393.
Package epstopdf Info: Output file is already uptodate.

<images/muladd-eps-converted-to.pdf, id=520, 401.5pt x 103.38625pt>
File: images/muladd-eps-converted-to.pdf Graphic file (type pdf)

<use images/muladd-eps-converted-to.pdf>
Package pdftex.def Info: images/muladd-eps-converted-to.pdf used on input line 
393.
(pdftex.def)             Requested size: 208.73653pt x 53.7501pt.
\openout7 = `thesis.listing'.

 (./thesis.listing
\openout5 = `thesis.ptb'.

)
Package epstopdf Info: Source file: <images/muladdcomblogic.eps>
(epstopdf)                    date: 2013-06-08 13:56:30
(epstopdf)                    size: 92049 bytes
(epstopdf)             Output file: <images/muladdcomblogic-eps-converted-to.pd
f>
(epstopdf)                    date: 2013-06-08 13:59:12
(epstopdf)                    size: 22534 bytes
(epstopdf)             Command: <repstopdf --outfile=images/muladdcomblogic-eps
-converted-to.pdf images/muladdcomblogic.eps>
(epstopdf)             \includegraphics on input line 435.
Package epstopdf Info: Output file is already uptodate.

<images/muladdcomblogic-eps-converted-to.pdf, id=526, 523.9575pt x 311.1625pt>
File: images/muladdcomblogic-eps-converted-to.pdf Graphic file (type pdf)

<use images/muladdcomblogic-eps-converted-to.pdf>
Package pdftex.def Info: images/muladdcomblogic-eps-converted-to.pdf used on in
put line 435.
(pdftex.def)             Requested size: 375.7232pt x 223.13472pt.

Underfull \vbox (badness 1983) has occurred while \output is active []

 [20 <./images/muladd-eps-converted-to.pdf>]
\openout7 = `thesis.listing'.

 (./thesis.listing
\openout5 = `thesis.ptb'.

)
Package epstopdf Info: Source file: <images/polymorphic.eps>
(epstopdf)                    date: 2013-06-08 13:55:32
(epstopdf)                    size: 55708 bytes
(epstopdf)             Output file: <images/polymorphic-eps-converted-to.pdf>
(epstopdf)                    date: 2013-06-08 13:59:15
(epstopdf)                    size: 17200 bytes
(epstopdf)             Command: <repstopdf --outfile=images/polymorphic-eps-con
verted-to.pdf images/polymorphic.eps>
(epstopdf)             \includegraphics on input line 472.
Package epstopdf Info: Output file is already uptodate.

<images/polymorphic-eps-converted-to.pdf, id=558, 534.99875pt x 112.42pt>
File: images/polymorphic-eps-converted-to.pdf Graphic file (type pdf)

<use images/polymorphic-eps-converted-to.pdf>
Package pdftex.def Info: images/polymorphic-eps-converted-to.pdf used on input 
line 472.
(pdftex.def)             Requested size: 333.97972pt x 70.1817pt.

Underfull \vbox (badness 10000) has occurred while \output is active []

 [21 <./images/muladdcomblogic-eps-converted-to.pdf>]
Overfull \hbox (0.30063pt too wide) in paragraph at lines 477--480
\T1/qpl/m/n/10.95 i-fi-ca-tion can be ap-plied to bit-representable val-ues. Fo
r in-stance, we can use $[]$
 []

\openout7 = `thesis.listing'.

(./thesis.listing)
\openout7 = `thesis.listing'.

 (./thesis.listing)
\openout7 = `thesis.listing'.

 (./thesis.listing)
\openout7 = `thesis.listing'.

 (./thesis.listing
\openout5 = `thesis.ptb'.

)
Underfull \vbox (badness 10000) has occurred while \output is active []

 [22 <./images/polymorphic-eps-converted-to.pdf>]
\openout7 = `thesis.listing'.

 (./thesis.listing)
Underfull \hbox (badness 5652) in paragraph at lines 1--563
[]$[] [] []\OMS/zplm/m/n/10.95 h\OT1/pplx/m/it/10.95 t\OMS/zplm/m/n/10.95 i ! [
]h\OT1/pplx/m/it/10.95 t\OMS/zplm/m/n/10.95 i ! []h\OT1/pplx/m/it/10.95 t\OMS/z
plm/m/n/10.95 i ! []h\OT1/pplx/m/it/10.95 t\OMS/zplm/m/n/10.95 i ! []h\OT1/pplx
/m/it/10.95 t\OMS/zplm/m/n/10.95 i$
 []


Underfull \vbox (badness 3118) has occurred while \output is active []

 [23]
\openout7 = `thesis.listing'.


(./thesis.listing
\openout5 = `thesis.ptb'.

)
Underfull \vbox (badness 10000) has occurred while \output is active []

 [24]
Package epstopdf Info: Source file: <images/sequential.eps>
(epstopdf)                    date: 2013-06-06 13:46:53
(epstopdf)                    size: 65411 bytes
(epstopdf)             Output file: <images/sequential-eps-converted-to.pdf>
(epstopdf)                    date: 2013-06-06 13:47:09
(epstopdf)                    size: 19450 bytes
(epstopdf)             Command: <repstopdf --outfile=images/sequential-eps-conv
erted-to.pdf images/sequential.eps>
(epstopdf)             \includegraphics on input line 629.
Package epstopdf Info: Output file is already uptodate.

<images/sequential-eps-converted-to.pdf, id=638, 300.12125pt x 205.76875pt>
File: images/sequential-eps-converted-to.pdf Graphic file (type pdf)

<use images/sequential-eps-converted-to.pdf>
Package pdftex.def Info: images/sequential-eps-converted-to.pdf used on input l
ine 629.
(pdftex.def)             Requested size: 208.73653pt x 143.11717pt.
\openout7 = `thesis.listing'.

 (./thesis.listing
\openout5 = `thesis.ptb'.

) [25 <./images/sequential-eps-converted-to.pdf>]
\openout7 = `thesis.listing'.

 (./thesis.listing
\openout5 = `thesis.ptb'.

)
Package epstopdf Info: Source file: <images/clock.eps>
(epstopdf)                    date: 2013-08-07 18:04:27
(epstopdf)                    size: 34947 bytes
(epstopdf)             Output file: <images/clock-eps-converted-to.pdf>
(epstopdf)                    date: 2013-08-07 18:04:53
(epstopdf)                    size: 11497 bytes
(epstopdf)             Command: <repstopdf --outfile=images/clock-eps-converted
-to.pdf images/clock.eps>
(epstopdf)             \includegraphics on input line 708.
Package epstopdf Info: Output file is already uptodate.

<images/clock-eps-converted-to.pdf, id=667, 555.07375pt x 182.6825pt>
File: images/clock-eps-converted-to.pdf Graphic file (type pdf)

<use images/clock-eps-converted-to.pdf>
Package pdftex.def Info: images/clock-eps-converted-to.pdf used on input line 7
08.
(pdftex.def)             Requested size: 250.48637pt x 82.43771pt.
 [26]
\openout7 = `thesis.listing'.

 (./thesis.listing
\openout5 = `thesis.ptb'.

)
\openout7 = `thesis.listing'.


(./thesis.listing) [27 <./images/clock-eps-converted-to.pdf>]
Package epstopdf Info: Source file: <images/pipeline.eps>
(epstopdf)                    date: 2013-08-08 13:26:00
(epstopdf)                    size: 75193 bytes
(epstopdf)             Output file: <images/pipeline-eps-converted-to.pdf>
(epstopdf)                    date: 2013-08-08 13:37:55
(epstopdf)                    size: 21770 bytes
(epstopdf)             Command: <repstopdf --outfile=images/pipeline-eps-conver
ted-to.pdf images/pipeline.eps>
(epstopdf)             \includegraphics on input line 755.
Package epstopdf Info: Output file is already uptodate.

<images/pipeline-eps-converted-to.pdf, id=692, 690.58pt x 198.7425pt>
File: images/pipeline-eps-converted-to.pdf Graphic file (type pdf)

<use images/pipeline-eps-converted-to.pdf>
Package pdftex.def Info: images/pipeline-eps-converted-to.pdf used on input lin
e 755.
(pdftex.def)             Requested size: 417.47307pt x 120.14708pt.
\openout7 = `thesis.listing'.

 (./thesis.listing
\openout5 = `thesis.ptb'.

) [28 <./images/pipeline-eps-converted-to.pdf>]
\openout7 = `thesis.listing'.

 (./thesis.listing
\openout5 = `thesis.ptb'.

)
\openout7 = `thesis.listing'.

 (./thesis.listing
\openout5 = `thesis.ptb'.

) [29]
\openout7 = `thesis.listing'.


(./thesis.listing
\openout5 = `thesis.ptb'.

)
Package epstopdf Info: Source file: <images/sel.eps>
(epstopdf)                    date: 2013-08-08 17:57:37
(epstopdf)                    size: 34120 bytes
(epstopdf)             Output file: <images/sel-eps-converted-to.pdf>
(epstopdf)                    date: 2013-08-08 17:58:05
(epstopdf)                    size: 10894 bytes
(epstopdf)             Command: <repstopdf --outfile=images/sel-eps-converted-t
o.pdf images/sel.eps>
(epstopdf)             \includegraphics on input line 889.
Package epstopdf Info: Output file is already uptodate.

<images/sel-eps-converted-to.pdf, id=745, 450.68375pt x 285.065pt>
File: images/sel-eps-converted-to.pdf Graphic file (type pdf)

<use images/sel-eps-converted-to.pdf>
Package pdftex.def Info: images/sel-eps-converted-to.pdf used on input line 889
.
(pdftex.def)             Requested size: 250.48637pt x 158.43913pt.

Underfull \vbox (badness 10000) has occurred while \output is active []

 [30]
\openout7 = `thesis.listing'.


(./thesis.listing
\openout5 = `thesis.ptb'.

\openout5 = `thesis.ptb'.

)
\openout7 = `thesis.listing'.

 (./thesis.listing
\openout5 = `thesis.ptb'.

)
Package epstopdf Info: Source file: <images/compseldelay.eps>
(epstopdf)                    date: 2013-08-08 18:51:53
(epstopdf)                    size: 47251 bytes
(epstopdf)             Output file: <images/compseldelay-eps-converted-to.pdf>
(epstopdf)                    date: 2013-08-08 18:52:20
(epstopdf)                    size: 13638 bytes
(epstopdf)             Command: <repstopdf --outfile=images/compseldelay-eps-co
nverted-to.pdf images/compseldelay.eps>
(epstopdf)             \includegraphics on input line 937.
Package epstopdf Info: Output file is already uptodate.

<images/compseldelay-eps-converted-to.pdf, id=754, 956.57375pt x 367.3725pt>
File: images/compseldelay-eps-converted-to.pdf Graphic file (type pdf)

<use images/compseldelay-eps-converted-to.pdf>
Package pdftex.def Info: images/compseldelay-eps-converted-to.pdf used on input
 line 937.
(pdftex.def)             Requested size: 375.7232pt x 144.2949pt.

Underfull \vbox (badness 10000) has occurred while \output is active []

 [31 <./images/sel-eps-converted-to.pdf>]
\openout7 = `thesis.listing'.

 (./thesis.listing
\openout5 = `thesis.ptb'.

)
\openout7 = `thesis.listing'.

 (./thesis.listing
\openout5 = `thesis.ptb'.

) [32 <./images/compseldelay-eps-converted-to.pdf>]
Package epstopdf Info: Source file: <images/sum2.eps>
(epstopdf)                    date: 2013-08-08 17:16:04
(epstopdf)                    size: 44224 bytes
(epstopdf)             Output file: <images/sum2-eps-converted-to.pdf>
(epstopdf)                    date: 2013-08-08 17:22:11
(epstopdf)                    size: 14309 bytes
(epstopdf)             Command: <repstopdf --outfile=images/sum2-eps-converted-
to.pdf images/sum2.eps>
(epstopdf)             \includegraphics on input line 988.
Package epstopdf Info: Output file is already uptodate.

<images/sum2-eps-converted-to.pdf, id=792, 444.66125pt x 140.525pt>
File: images/sum2-eps-converted-to.pdf Graphic file (type pdf)

<use images/sum2-eps-converted-to.pdf>
Package pdftex.def Info: images/sum2-eps-converted-to.pdf used on input line 98
8.
(pdftex.def)             Requested size: 250.48637pt x 79.16089pt.
\openout7 = `thesis.listing'.

 (./thesis.listing
\openout5 = `thesis.ptb'.

)
\openout7 = `thesis.listing'.

 (./thesis.listing
\openout5 = `thesis.ptb'.

)
[33 <./images/sum2-eps-converted-to.pdf>]
\openout7 = `thesis.listing'.

 (./thesis.listing)
Package epstopdf Info: Source file: <images/sequence.eps>
(epstopdf)                    date: 2013-08-10 13:52:30
(epstopdf)                    size: 49912 bytes
(epstopdf)             Output file: <images/sequence-eps-converted-to.pdf>
(epstopdf)                    date: 2013-08-10 13:53:34
(epstopdf)                    size: 13426 bytes
(epstopdf)             Command: <repstopdf --outfile=images/sequence-eps-conver
ted-to.pdf images/sequence.eps>
(epstopdf)             \includegraphics on input line 1041.
Package epstopdf Info: Output file is already uptodate.

<images/sequence-eps-converted-to.pdf, id=815, 563.10374pt x 154.5775pt>
File: images/sequence-eps-converted-to.pdf Graphic file (type pdf)

<use images/sequence-eps-converted-to.pdf>
Package pdftex.def Info: images/sequence-eps-converted-to.pdf used on input lin
e 1041.
(pdftex.def)             Requested size: 333.97972pt x 91.68108pt.
 [34 <./images/sequence-eps-converted-to.pdf>]) (./chapters/formalization.tex [
35] [36

]

Package hyperref Warning: Token not allowed in a PDF string (Unicode):
(hyperref)                removing `math shift' on input line 33.


Package hyperref Warning: Token not allowed in a PDF string (Unicode):
(hyperref)                removing `\lambda' on input line 33.


Package hyperref Warning: Token not allowed in a PDF string (Unicode):
(hyperref)                removing `subscript' on input line 33.


Package hyperref Warning: Token not allowed in a PDF string (Unicode):
(hyperref)                removing `math shift' on input line 33.

\openout7 = `thesis.listing'.

(./thesis.listing
Overfull \hbox (9.39174pt too wide) in paragraph at lines 12--18
[][] 
 []

) [37]
\openout7 = `thesis.listing'.

 (./thesis.listing) [38]
\openout7 = `thesis.listing'.

 (./thesis.listing)
\openout7 = `thesis.listing'.

 (./thesis.listing) [39]
\openout7 = `thesis.listing'.


(./thesis.listing)
Underfull \hbox (badness 10000) in paragraph at lines 1--171

 []

[40]
Underfull \vbox (badness 3302) has occurred while \output is active []

 [41]
\openout7 = `thesis.listing'.


(./thesis.listing) [42]
\openout7 = `thesis.listing'.

 (./thesis.listing)
\myBox1=\box83
\myScoreStart1=\dimen300
\myCenter1=\dimen301
\myScoreEnd1=\dimen302
 [43]
\openout7 = `thesis.listing'.

 (./thesis.listing) [44]
\openout7 = `thesis.listing'.


(./thesis.listing)
\openout7 = `thesis.listing'.

 (./thesis.listing) [45]
\myBox2=\box84
\myScoreStart2=\dimen303
\myCenter2=\dimen304
\myScoreEnd2=\dimen305
 [46]
Overfull \hbox (5.98093pt too wide) in paragraph at lines 423--428
 [] 
 []

[47]
\openout7 = `thesis.listing'.

 (./thesis.listing)
\openout7 = `thesis.listing'.

 (./thesis.listing)
\openout7 = `thesis.listing'.

 (./thesis.listing) [48] [49])
(./chapters/implementation.lhs.tex [50] [51

]
Underfull \hbox (badness 2865) in paragraph at lines 321--321
 [][][][]\T1/qpl/m/n/10.95 Parser 
 []


Underfull \hbox (badness 5260) in paragraph at lines 321--321
 [] 
 []


Underfull \hbox (badness 3396) in paragraph at lines 323--323
 [][][][]\T1/qpl/m/n/10.95 Split 
 []


Underfull \hbox (badness 1603) in paragraph at lines 324--324
 [][][][]\T1/qpl/m/n/10.95 Unification 
 []


Underfull \hbox (badness 1603) in paragraph at lines 325--325
 [][][][]\T1/qpl/m/n/10.95 Unification 
 []


Underfull \hbox (badness 1072) in paragraph at lines 326--326
 [][][][]\T1/qpl/m/n/10.95 Timechecking 
 []


Underfull \hbox (badness 2818) in paragraph at lines 327--327
 [][][][]\T1/qpl/m/n/10.95 Merge 
 []

[52]
\openout7 = `thesis.listing'.

 (./thesis.listing)
\openout7 = `thesis.listing'.

 (./thesis.listing)
\openout7 = `thesis.listing'.

 (./thesis.listing
\openout5 = `thesis.ptb'.

) [53]
\openout7 = `thesis.listing'.


(./thesis.listing

Class memoir Warning: The \tt font command is deprecated. 
(memoir)              Use \texttt{...} or {\ttfamily... } instead on input line
 1.

LaTeX Font Info:    Try loading font information for T1+txtt on input line 1.
(/usr/local/texlive/2012/texmf-dist/tex/latex/txfonts/t1txtt.fd
File: t1txtt.fd 2000/12/15 v3.1
))
\openout7 = `thesis.listing'.


(./thesis.listing
\openout5 = `thesis.ptb'.

)
\openout7 = `thesis.listing'.

 (./thesis.listing)
\openout7 = `thesis.listing'.

 (./thesis.listing
\openout5 = `thesis.ptb'.

) [54]
\openout7 = `thesis.listing'.

 (./thesis.listing
\openout5 = `thesis.ptb'.

)
\openout7 = `thesis.listing'.

 (./thesis.listing
\openout5 = `thesis.ptb'.

) [55]
\openout7 = `thesis.listing'.

 (./thesis.listing
\openout5 = `thesis.ptb'.

)
\openout7 = `thesis.listing'.

 (./thesis.listing
\openout5 = `thesis.ptb'.

)
\openout7 = `thesis.listing'.


(./thesis.listing
\openout5 = `thesis.ptb'.

)
Underfull \vbox (badness 1231) has occurred while \output is active []

 [56]
\openout7 = `thesis.listing'.


(./thesis.listing
\openout5 = `thesis.ptb'.

)
\openout7 = `thesis.listing'.

 (./thesis.listing
\openout5 = `thesis.ptb'.

)
\openout7 = `thesis.listing'.

 (./thesis.listing
\openout5 = `thesis.ptb'.

)
Underfull \vbox (badness 10000) has occurred while \output is active []

 [57]
Underfull \vbox (badness 1917) has occurred while \output is active []

 [58]
\openout7 = `thesis.listing'.


(./thesis.listing
\openout5 = `thesis.ptb'.

)
\openout7 = `thesis.listing'.

 (./thesis.listing
\openout5 = `thesis.ptb'.

) [59]
\openout7 = `thesis.listing'.

 (./thesis.listing
\openout5 = `thesis.ptb'.

)
\openout7 = `thesis.listing'.

 (./thesis.listing
\openout5 = `thesis.ptb'.

)
\openout7 = `thesis.listing'.

 (./thesis.listing
\openout5 = `thesis.ptb'.

)
Underfull \vbox (badness 10000) has occurred while \output is active []

 [60]
\openout7 = `thesis.listing'.


(./thesis.listing
\openout5 = `thesis.ptb'.

) [61]
\openout7 = `thesis.listing'.

 (./thesis.listing
\openout5 = `thesis.ptb'.

)
Package epstopdf Info: Source file: <images/compositionsel.eps>
(epstopdf)                    date: 2013-06-15 16:24:19
(epstopdf)                    size: 49339 bytes
(epstopdf)             Output file: <images/compositionsel-eps-converted-to.pdf
>
(epstopdf)                    date: 2013-06-15 16:24:37
(epstopdf)                    size: 13987 bytes
(epstopdf)             Command: <repstopdf --outfile=images/compositionsel-eps-
converted-to.pdf images/compositionsel.eps>
(epstopdf)             \includegraphics on input line 955.
Package epstopdf Info: Output file is already uptodate.

<images/compositionsel-eps-converted-to.pdf, id=1044, 537.00626pt x 350.30875pt
>
File: images/compositionsel-eps-converted-to.pdf Graphic file (type pdf)
 <use images/compositionsel-eps-converted-to.pdf>
Package pdftex.def Info: images/compositionsel-eps-converted-to.pdf used on inp
ut line 955.
(pdftex.def)             Requested size: 333.97972pt x 217.86803pt.
 [62 <./images/compositionsel-eps-converted-to.pdf>]
\openout7 = `thesis.listing'.

 (./thesis.listing
\openout5 = `thesis.ptb'.

)
\openout7 = `thesis.listing'.

 (./thesis.listing) [63]
\openout7 = `thesis.listing'.


(./thesis.listing
\openout5 = `thesis.ptb'.

)
\openout7 = `thesis.listing'.

 (./thesis.listing
\openout5 = `thesis.ptb'.

) [64]
\openout7 = `thesis.listing'.

 (./thesis.listing
\openout5 = `thesis.ptb'.

)
Overfull \hbox (1.92574pt too wide) in paragraph at lines 1184--1187
\T1/qpl/m/n/10.95 strained by an-other func-tion type. When a func-tion type is
 con-strained by a non-function
 []

[65]
\openout7 = `thesis.listing'.

 (./thesis.listing
\openout5 = `thesis.ptb'.

) [66]
\openout7 = `thesis.listing'.

 (./thesis.listing
\openout5 = `thesis.ptb'.

) [67]
\openout7 = `thesis.listing'.

 (./thesis.listing)
\openout7 = `thesis.listing'.


(./thesis.listing) [68]
\openout7 = `thesis.listing'.

 (./thesis.listing)
\openout7 = `thesis.listing'.

 (./thesis.listing)
Underfull \vbox (badness 3861) has occurred while \output is active []

 [69]
\openout7 = `thesis.listing'.


(./thesis.listing
\openout5 = `thesis.ptb'.

) [70]
\openout7 = `thesis.listing'.

 (./thesis.listing)
Underfull \hbox (badness 10000) in paragraph at lines 1--1481

 []

\openout7 = `thesis.listing'.

(./thesis.listing)
\openout7 = `thesis.listing'.

 (./thesis.listing) [71]) (./chapters/conclusion.tex [72]
[73

]) (./chapters/discussion.lhs.tex [74] [75

]
\openout7 = `thesis.listing'.

 (./thesis.listing)
Underfull \vbox (badness 1168) has occurred while \output is active []

 [76]
Package epstopdf Info: Source file: <images/mulaccstate.eps>
(epstopdf)                    date: 2013-06-08 14:00:03
(epstopdf)                    size: 70172 bytes
(epstopdf)             Output file: <images/mulaccstate-eps-converted-to.pdf>
(epstopdf)                    date: 2013-06-08 14:06:58
(epstopdf)                    size: 20796 bytes
(epstopdf)             Command: <repstopdf --outfile=images/mulaccstate-eps-con
verted-to.pdf images/mulaccstate.eps>
(epstopdf)             \includegraphics on input line 335.
Package epstopdf Info: Output file is already uptodate.

<images/mulaccstate-eps-converted-to.pdf, id=1199, 499.8675pt x 202.7575pt>
File: images/mulaccstate-eps-converted-to.pdf Graphic file (type pdf)

<use images/mulaccstate-eps-converted-to.pdf>
Package pdftex.def Info: images/mulaccstate-eps-converted-to.pdf used on input 
line 335.
(pdftex.def)             Requested size: 250.48637pt x 101.60126pt.
 [77 <./images/mulaccstate-eps-converted-to.pdf>]
\openout7 = `thesis.listing'.

 (./thesis.listing) [78]) [79] (./chapters/existinglang.lhs.tex
[80


]

Package hyperref Warning: Token not allowed in a PDF string (Unicode):
(hyperref)                removing `math shift' on input line 263.


Package hyperref Warning: Token not allowed in a PDF string (Unicode):
(hyperref)                removing `\lambda' on input line 263.


Package hyperref Warning: Token not allowed in a PDF string (Unicode):
(hyperref)                removing `math shift' on input line 263.

[81]
\openout7 = `thesis.listing'.

 (./thesis.listing) [82]
\openout7 = `thesis.listing'.

 (./thesis.listing
\openout5 = `thesis.ptb'.

)
\openout7 = `thesis.listing'.

 (./thesis.listing
\openout5 = `thesis.ptb'.

)
\openout7 = `thesis.listing'.


(./thesis.listing
\openout5 = `thesis.ptb'.

) [83]
\openout7 = `thesis.listing'.

 (./thesis.listing
\openout5 = `thesis.ptb'.

)
\openout7 = `thesis.listing'.

 (./thesis.listing)
Underfull \vbox (badness 2057) has occurred while \output is active []

 [84]
Underfull \hbox (badness 10000) in paragraph at lines 456--457

 []

\openout7 = `thesis.listing'.

(./thesis.listing) [85]
Underfull \hbox (badness 10000) in paragraph at lines 469--474

 []

\openout7 = `thesis.listing'.

(./thesis.listing)
\openout7 = `thesis.listing'.

 (./thesis.listing
\openout5 = `thesis.ptb'.

) [86]
\openout7 = `thesis.listing'.

 (./thesis.listing
\openout5 = `thesis.ptb'.

)
\openout7 = `thesis.listing'.

 (./thesis.listing
\openout5 = `thesis.ptb'.

\openout5 = `thesis.ptb'.

) [87]
\openout7 = `thesis.listing'.

 (./thesis.listing
\openout5 = `thesis.ptb'.

)
\openout7 = `thesis.listing'.

 (./thesis.listing
\openout5 = `thesis.ptb'.

) [88]
Underfull \vbox (badness 10000) has occurred while \output is active []

 [89]
[90]
Underfull \hbox (badness 10000) in paragraph at lines 710--711

 []

\openout7 = `thesis.listing'.

(./thesis.listing)
Underfull \hbox (badness 10000) in paragraph at lines 718--719

 []

\openout7 = `thesis.listing'.

(./thesis.listing)
Underfull \hbox (badness 10000) in paragraph at lines 730--732

 []

\openout7 = `thesis.listing'.

(./thesis.listing)
Underfull \hbox (badness 10000) in paragraph at lines 740--744

 []

\openout7 = `thesis.listing'.

(./thesis.listing)
Underfull \hbox (badness 10000) in paragraph at lines 752--754

 []

\openout7 = `thesis.listing'.

(./thesis.listing) [91]
Underfull \hbox (badness 10000) in paragraph at lines 761--763

 []

\openout7 = `thesis.listing'.

(./thesis.listing)
Underfull \hbox (badness 10000) in paragraph at lines 771--774

 []

\openout7 = `thesis.listing'.

(./thesis.listing)
\openout7 = `thesis.listing'.

 (./thesis.listing
\openout5 = `thesis.ptb'.

) [92]
\openout7 = `thesis.listing'.

 (./thesis.listing
\openout5 = `thesis.ptb'.

)
Underfull \hbox (badness 10000) in paragraph at lines 847--848

 []

\openout7 = `thesis.listing'.

(./thesis.listing)
Underfull \hbox (badness 10000) in paragraph at lines 860--862

 []

\openout7 = `thesis.listing'.

(./thesis.listing) [93]
\openout7 = `thesis.listing'.

 (./thesis.listing
\openout5 = `thesis.ptb'.

) [94]
\openout7 = `thesis.listing'.

 (./thesis.listing
\openout5 = `thesis.ptb'.

)
Underfull \hbox (badness 10000) in paragraph at lines 965--967

 []

\openout7 = `thesis.listing'.

(./thesis.listing) [95]
\openout7 = `thesis.listing'.

 (./thesis.listing
\openout5 = `thesis.ptb'.

)
\openout7 = `thesis.listing'.

 (./thesis.listing
\openout5 = `thesis.ptb'.

) [96]
Underfull \hbox (badness 10000) in paragraph at lines 1035--1039

 []

\openout7 = `thesis.listing'.

(./thesis.listing) [97]
\openout7 = `thesis.listing'.

 (./thesis.listing)
\openout7 = `thesis.listing'.

 (./thesis.listing
\openout5 = `thesis.ptb'.

) [98]
\openout7 = `thesis.listing'.


(./thesis.listing
\openout5 = `thesis.ptb'.

)
\openout7 = `thesis.listing'.

 (./thesis.listing) [99]
Overfull \hbox (3.3679pt too wide) in paragraph at lines 1176--1181
[]\T1/qpl/m/n/10.95 A $[]$ is al-most iden-ti-cal to [][][]VHDL[][]'s port clau
se, aside from the fact that in [][][]ForSyDe[][]
 []

[100]
Underfull \vbox (badness 1033) has occurred while \output is active []

 [101]
\openout7 = `thesis.listing'.


(./thesis.listing)
\openout7 = `thesis.listing'.

 (./thesis.listing) [102]
\openout7 = `thesis.listing'.

 (./thesis.listing
\openout5 = `thesis.ptb'.

)
Underfull \hbox (badness 10000) in paragraph at lines 1271--1272

 []

\openout7 = `thesis.listing'.

(./thesis.listing) [103] [104]) [105] [106

] (./thesis.bbl
Underfull \hbox (badness 1466) in paragraph at lines 9--12
[]\T1/qpl/m/n/10.95 Liquidhaskell web page.  [][]$\T1/txtt/m/n/10.95 http : / /
 goto . ucsd . edu / ~rjhala / liquid / haskell /
 []


Underfull \hbox (badness 10000) in paragraph at lines 14--18
[]\T1/qpl/m/n/10.95 Data.SBV li-brary de-scrip-tion.  [][]$\T1/txtt/m/n/10.95 h
ttp : / / hackage . haskell . org / packages /
 []

[107

] [108] [109]

LaTeX Font Warning: Font shape `OMS/qpl/m/it' undefined
(Font)              using `OMS/qpl/m/n' instead on input line 253.

) [110]

Package glossaries Warning: No \printglossary or \printglossaries found.
This document will not have a glossary.

\tf@toc=\write10
\openout10 = `thesis.toc'.

Package atveryend Info: Empty hook `BeforeClearDocument' on input line 362.
Package atveryend Info: Empty hook `AfterLastShipout' on input line 362.
(./thesis.aux)
Package atveryend Info: Executing hook `AtVeryEndDocument' on input line 362.
Package atveryend Info: Executing hook `AtEndAfterFileList' on input line 362.
Package rerunfilecheck Info: File `thesis.out' has not changed.
(rerunfilecheck)             Checksum: 69BEFB1FD323893434ED6327B487A0B1;5431.


LaTeX Font Warning: Some font shapes were not available, defaults substituted.


LaTeX Warning: There were multiply-defined labels.

Package atveryend Info: Empty hook `AtVeryVeryEnd' on input line 362.
 ) 
Here is how much of TeX's memory you used:
 32458 strings out of 493488
 596723 string characters out of 3141326
 791360 words of memory out of 3000000
 34436 multiletter control sequences out of 15000+200000
 157943 words of font info for 241 fonts, out of 3000000 for 9000
 957 hyphenation exceptions out of 8191
 61i,15n,85p,1448b,869s stack positions out of 5000i,500n,10000p,200000b,50000s
pdfTeX warning (dest): name{Hfootnote.250} has been referenced but does not e
xist, replaced by a fixed one

pdfTeX warning (dest): name{glo:dsl} has been referenced but does not exist, re
placed by a fixed one

pdfTeX warning (dest): name{glo:edsl} has been referenced but does not exist, r
eplaced by a fixed one

pdfTeX warning (dest): name{glo:arrow} has been referenced but does not exist, 
replaced by a fixed one

pdfTeX warning (dest): name{glo:ast} has been referenced but does not exist, re
placed by a fixed one

pdfTeX warning (dest): name{Hfootnote.146} has been referenced but does not exi
st, replaced by a fixed one

pdfTeX warning (dest): name{glo:adt} has been referenced but does not exist, re
placed by a fixed one

pdfTeX warning (dest): name{glo:smt} has been referenced but does not exist, re
placed by a fixed one

pdfTeX warning (dest): name{glo:dsp} has been referenced but does not exist, re
placed by a fixed one

pdfTeX warning (dest): name{glo:ghc} has been referenced but does not exist, re
placed by a fixed one

pdfTeX warning (dest): name{Hfootnote.23} has been referenced but does not exis
t, replaced by a fixed one

pdfTeX warning (dest): name{glo:forsyde} has been referenced but does not exist
, replaced by a fixed one

pdfTeX warning (dest): name{glo:psl} has been referenced but does not exist, re
placed by a fixed one

pdfTeX warning (dest): name{glo:vhsic} has been referenced but does not exist, 
replaced by a fixed one

pdfTeX warning (dest): name{glo:vhdl} has been referenced but does not exist, r
eplaced by a fixed one

pdfTeX warning (dest): name{glo:hdl} has been referenced but does not exist, re
placed by a fixed one

pdfTeX warning (dest): name{glo:clash} has been referenced but does not exist, 
replaced by a fixed one

{/usr/local/texlive/2012/texmf-dist/fonts/enc/dvips/base/8r.enc}{/usr/local/tex
live/2012/texmf-dist/fonts/enc/dvips/tex-gyre/q-ec.enc}{/usr/local/texlive/2012
/texmf-dist/fonts/enc/dvips/tex-gyre/q-ec-sc.enc}</usr/local/texlive/2012/texmf
-dist/fonts/type1/public/amsfonts/cm/cmex10.pfb></usr/local/texlive/2012/texmf-
dist/fonts/type1/public/amsfonts/cm/cmmi10.pfb></usr/local/texlive/2012/texmf-d
ist/fonts/type1/public/amsfonts/cm/cmr10.pfb></usr/local/texlive/2012/texmf-dis
t/fonts/type1/public/amsfonts/cm/cmsy10.pfb></usr/local/texlive/2012/texmf-dist
/fonts/type1/public/mathpazo/fplmbb.pfb></usr/local/texlive/2012/texmf-dist/fon
ts/type1/public/mathpazo/fplmr.pfb></usr/local/texlive/2012/texmf-dist/fonts/ty
pe1/public/mathpazo/fplmri.pfb></usr/local/texlive/2012/texmf-dist/fonts/type1/
public/tex-gyre/qplb.pfb></usr/local/texlive/2012/texmf-dist/fonts/type1/public
/tex-gyre/qplr.pfb></usr/local/texlive/2012/texmf-dist/fonts/type1/public/tex-g
yre/qplri.pfb></usr/local/texlive/2012/texmf-dist/fonts/type1/public/txfonts/t1
xtt.pfb></usr/local/texlive/2012/texmf-dist/fonts/type1/public/txfonts/txsy.pfb
></usr/local/texlive/2012/texmf-dist/fonts/type1/public/txfonts/txsya.pfb></usr
/local/texlive/2012/texmf-dist/fonts/type1/public/txfonts/txsyb.pfb></usr/local
/texlive/2012/texmf-dist/fonts/type1/public/txfonts/txsyc.pfb></usr/local/texli
ve/2012/texmf-dist/fonts/type1/urw/helvetic/uhvb8a.pfb></usr/local/texlive/2012
/texmf-dist/fonts/type1/urw/helvetic/uhvr8a.pfb></usr/local/texlive/2012/texmf-
dist/fonts/type1/urw/palatino/uplb8a.pfb></usr/local/texlive/2012/texmf-dist/fo
nts/type1/urw/palatino/uplr8a.pfb></usr/local/texlive/2012/texmf-dist/fonts/typ
e1/urw/palatino/uplri8a.pfb>
Output written on thesis.pdf (118 pages, 734120 bytes).
PDF statistics:
 1827 PDF objects out of 2073 (max. 8388607)
 1576 compressed objects within 16 object streams
 432 named destinations out of 1000 (max. 500000)
 470 words of extra memory for PDF output out of 10000 (max. 10000000)

